Command line invocation:
    /Applications/Xcode.app/Contents/Developer/usr/bin/xcodebuild -workspace "Teach Gate.xcworkspace" -scheme TeachGateVPN -configuration Debug build

ComputePackagePrebuildTargetDependencyGraph

Prepare packages

CreateBuildRequest

SendProjectDescription

CreateBuildOperation

ComputeTargetDependencyGraph
note: Building targets in dependency order
note: Target dependency graph (4 targets)
    Target 'TeachGateVPN' in project 'Teach Gate'
        ➜ Implicit dependency on target 'Pods-TeachGateVPN' in project 'Pods' via file 'libPods-TeachGateVPN.a' in build phase 'Link Binary'
        ➜ Implicit dependency on target 'CocoaLumberjack' in project 'Pods' via options '-lCocoaLumberjack' in build setting 'OTHER_LDFLAGS'
    Target 'Pods-TeachGateVPN' in project 'Pods'
        ➜ Explicit dependency on target 'CocoaLumberjack' in project 'Pods'
    Target 'CocoaLumberjack' in project 'Pods'
        ➜ Explicit dependency on target 'CocoaLumberjack-CocoaLumberjackPrivacy' in project 'Pods'
    Target 'CocoaLumberjack-CocoaLumberjackPrivacy' in project 'Pods' (no dependencies)

GatherProvisioningInputs

CreateBuildDescription

ExecuteExternalTool /Applications/Xcode.app/Contents/Developer/Toolchains/XcodeDefault.xctoolchain/usr/bin/clang -v -E -dM -arch arm64 -isysroot /Applications/Xcode.app/Contents/Developer/Platforms/MacOSX.platform/Developer/SDKs/MacOSX15.5.sdk -x objective-c -c /dev/null

ExecuteExternalTool /Applications/Xcode.app/Contents/Developer/Toolchains/XcodeDefault.xctoolchain/usr/bin/clang -v -E -dM -isysroot /Applications/Xcode.app/Contents/Developer/Platforms/MacOSX.platform/Developer/SDKs/MacOSX15.5.sdk -x c -c /dev/null

ExecuteExternalTool /Applications/Xcode.app/Contents/Developer/Toolchains/XcodeDefault.xctoolchain/usr/bin/swiftc --version

ExecuteExternalTool /Applications/Xcode.app/Contents/Developer/Toolchains/XcodeDefault.xctoolchain/usr/bin/libtool -V

ExecuteExternalTool /Applications/Xcode.app/Contents/Developer/Toolchains/XcodeDefault.xctoolchain/usr/bin/ld -version_details

ExecuteExternalTool /Applications/Xcode.app/Contents/Developer/Toolchains/XcodeDefault.xctoolchain/usr/bin/clang -v -E -dM -arch arm64 -isysroot /Applications/Xcode.app/Contents/Developer/Platforms/MacOSX.platform/Developer/SDKs/MacOSX15.5.sdk -x c -c /dev/null

Build description signature: ab73c837b72a1b57ceedb426577d5704
Build description path: /Users/obedsayyad/Library/Developer/Xcode/DerivedData/Teach_Gate-emufbnblddohuteyncugdtrmehmv/Build/Intermediates.noindex/XCBuildData/ab73c837b72a1b57ceedb426577d5704.xcbuilddata
ClangStatCache /Applications/Xcode.app/Contents/Developer/Toolchains/XcodeDefault.xctoolchain/usr/bin/clang-stat-cache /Applications/Xcode.app/Contents/Developer/Platforms/MacOSX.platform/Developer/SDKs/MacOSX15.5.sdk /Users/obedsayyad/Library/Developer/Xcode/DerivedData/SDKStatCaches.noindex/macosx15.5-24F74-8254517eb8b97d462ccbc072ba9094c9.sdkstatcache
    cd /Users/obedsayyad/teach-gate-macOS-app/macos
    /Applications/Xcode.app/Contents/Developer/Toolchains/XcodeDefault.xctoolchain/usr/bin/clang-stat-cache /Applications/Xcode.app/Contents/Developer/Platforms/MacOSX.platform/Developer/SDKs/MacOSX15.5.sdk -o /Users/obedsayyad/Library/Developer/Xcode/DerivedData/SDKStatCaches.noindex/macosx15.5-24F74-8254517eb8b97d462ccbc072ba9094c9.sdkstatcache

ProcessInfoPlistFile /Users/obedsayyad/Library/Developer/Xcode/DerivedData/Teach_Gate-emufbnblddohuteyncugdtrmehmv/Build/Products/Debug/CocoaLumberjack/CocoaLumberjackPrivacy.bundle/Contents/Info.plist /Users/obedsayyad/teach-gate-macOS-app/macos/Pods/Target\ Support\ Files/CocoaLumberjack/ResourceBundle-CocoaLumberjackPrivacy-CocoaLumberjack-Info.plist (in target 'CocoaLumberjack-CocoaLumberjackPrivacy' from project 'Pods')
    cd /Users/obedsayyad/teach-gate-macOS-app/macos/Pods
    builtin-infoPlistUtility /Users/obedsayyad/teach-gate-macOS-app/macos/Pods/Target\ Support\ Files/CocoaLumberjack/ResourceBundle-CocoaLumberjackPrivacy-CocoaLumberjack-Info.plist -producttype com.apple.product-type.bundle -expandbuildsettings -platform macosx -o /Users/obedsayyad/Library/Developer/Xcode/DerivedData/Teach_Gate-emufbnblddohuteyncugdtrmehmv/Build/Products/Debug/CocoaLumberjack/CocoaLumberjackPrivacy.bundle/Contents/Info.plist

warning: Skipping duplicate build file in Compile Sources build phase: /Users/obedsayyad/teach-gate-macOS-app/macos/TeachGateVPN/PacketTunnelProvider.m (in target 'TeachGateVPN' from project 'Teach Gate')
ProcessInfoPlistFile /Users/obedsayyad/Library/Developer/Xcode/DerivedData/Teach_Gate-emufbnblddohuteyncugdtrmehmv/Build/Products/Debug/TeachGateVPN.appex/Contents/Info.plist /Users/obedsayyad/teach-gate-macOS-app/macos/TeachGateVPN/Info.plist (in target 'TeachGateVPN' from project 'Teach Gate')
    cd /Users/obedsayyad/teach-gate-macOS-app/macos
    builtin-infoPlistUtility /Users/obedsayyad/teach-gate-macOS-app/macos/TeachGateVPN/Info.plist -producttype com.apple.product-type.app-extension -expandbuildsettings -platform macosx -o /Users/obedsayyad/Library/Developer/Xcode/DerivedData/Teach_Gate-emufbnblddohuteyncugdtrmehmv/Build/Products/Debug/TeachGateVPN.appex/Contents/Info.plist

PhaseScriptExecution [CP]\ Copy\ Pods\ Resources /Users/obedsayyad/Library/Developer/Xcode/DerivedData/Teach_Gate-emufbnblddohuteyncugdtrmehmv/Build/Intermediates.noindex/Teach\ Gate.build/Debug/TeachGateVPN.build/Script-EEBA88FC3AF37F8F7CFB592F.sh (in target 'TeachGateVPN' from project 'Teach Gate')
    cd /Users/obedsayyad/teach-gate-macOS-app/macos
    /usr/bin/sandbox-exec -D SCRIPT_OUTPUT_FILE_0\=/Users/obedsayyad/Library/Developer/Xcode/DerivedData/Teach_Gate-emufbnblddohuteyncugdtrmehmv/Build/Products/Debug/TeachGateVPN.appex/Contents/Resources/CocoaLumberjackPrivacy.bundle -D SCRIPT_INPUT_FILE_0\=/Users/obedsayyad/teach-gate-macOS-app/macos/Pods/Target\ Support\ Files/Pods-TeachGateVPN/Pods-TeachGateVPN-resources.sh -D SCRIPT_INPUT_FILE_1\=/Users/obedsayyad/Library/Developer/Xcode/DerivedData/Teach_Gate-emufbnblddohuteyncugdtrmehmv/Build/Products/Debug/CocoaLumberjack/CocoaLumberjackPrivacy.bundle -D SCRIPT_INPUT_FILE_2\=/Users/obedsayyad/Library/Developer/Xcode/DerivedData/Teach_Gate-emufbnblddohuteyncugdtrmehmv/Build/Intermediates.noindex/Teach\ Gate.build/Debug/TeachGateVPN.build/Script-EEBA88FC3AF37F8F7CFB592F.sh -D SCRIPT_INPUT_ANCESTOR_0\=/ -D SCRIPT_INPUT_ANCESTOR_1\=/Users -D SCRIPT_INPUT_ANCESTOR_2\=/Users/obedsayyad -D SCRIPT_INPUT_ANCESTOR_3\=/Users/obedsayyad/Library -D SCRIPT_INPUT_ANCESTOR_4\=/Users/obedsayyad/Library/Developer -D SCRIPT_INPUT_ANCESTOR_5\=/Users/obedsayyad/Library/Developer/Xcode -D SCRIPT_INPUT_ANCESTOR_6\=/Users/obedsayyad/Library/Developer/Xcode/DerivedData -D SCRIPT_INPUT_ANCESTOR_7\=/Users/obedsayyad/Library/Developer/Xcode/DerivedData/Teach_Gate-emufbnblddohuteyncugdtrmehmv -D SCRIPT_INPUT_ANCESTOR_8\=/Users/obedsayyad/Library/Developer/Xcode/DerivedData/Teach_Gate-emufbnblddohuteyncugdtrmehmv/Build -D SCRIPT_INPUT_ANCESTOR_9\=/Users/obedsayyad/Library/Developer/Xcode/DerivedData/Teach_Gate-emufbnblddohuteyncugdtrmehmv/Build/Intermediates.noindex -D SCRIPT_INPUT_ANCESTOR_10\=/Users/obedsayyad/Library/Developer/Xcode/DerivedData/Teach_Gate-emufbnblddohuteyncugdtrmehmv/Build/Intermediates.noindex/Teach\ Gate.build -D SCRIPT_INPUT_ANCESTOR_11\=/Users/obedsayyad/Library/Developer/Xcode/DerivedData/Teach_Gate-emufbnblddohuteyncugdtrmehmv/Build/Intermediates.noindex/Teach\ Gate.build/Debug -D SCRIPT_INPUT_ANCESTOR_12\=/Users/obedsayyad/Library/Developer/Xcode/DerivedData/Teach_Gate-emufbnblddohuteyncugdtrmehmv/Build/Intermediates.noindex/Teach\ Gate.build/Debug/TeachGateVPN.build -D SCRIPT_INPUT_ANCESTOR_13\=/Users/obedsayyad/Library/Developer/Xcode/DerivedData/Teach_Gate-emufbnblddohuteyncugdtrmehmv/Build/Products -D SCRIPT_INPUT_ANCESTOR_14\=/Users/obedsayyad/Library/Developer/Xcode/DerivedData/Teach_Gate-emufbnblddohuteyncugdtrmehmv/Build/Products/Debug -D SCRIPT_INPUT_ANCESTOR_15\=/Users/obedsayyad/Library/Developer/Xcode/DerivedData/Teach_Gate-emufbnblddohuteyncugdtrmehmv/Build/Products/Debug/CocoaLumberjack -D SCRIPT_INPUT_ANCESTOR_16\=/Users/obedsayyad/teach-gate-macOS-app -D SCRIPT_INPUT_ANCESTOR_17\=/Users/obedsayyad/teach-gate-macOS-app/macos -D SCRIPT_INPUT_ANCESTOR_18\=/Users/obedsayyad/teach-gate-macOS-app/macos/Pods -D SCRIPT_INPUT_ANCESTOR_19\=/Users/obedsayyad/teach-gate-macOS-app/macos/Pods/Target\ Support\ Files -D SCRIPT_INPUT_ANCESTOR_20\=/Users/obedsayyad/teach-gate-macOS-app/macos/Pods/Target\ Support\ Files/Pods-TeachGateVPN -D SCRIPT_OUTPUT_ANCESTOR_0\=/ -D SCRIPT_OUTPUT_ANCESTOR_1\=/Users -D SCRIPT_OUTPUT_ANCESTOR_2\=/Users/obedsayyad -D SCRIPT_OUTPUT_ANCESTOR_3\=/Users/obedsayyad/Library -D SCRIPT_OUTPUT_ANCESTOR_4\=/Users/obedsayyad/Library/Developer -D SCRIPT_OUTPUT_ANCESTOR_5\=/Users/obedsayyad/Library/Developer/Xcode -D SCRIPT_OUTPUT_ANCESTOR_6\=/Users/obedsayyad/Library/Developer/Xcode/DerivedData -D SCRIPT_OUTPUT_ANCESTOR_7\=/Users/obedsayyad/Library/Developer/Xcode/DerivedData/Teach_Gate-emufbnblddohuteyncugdtrmehmv -D SCRIPT_OUTPUT_ANCESTOR_8\=/Users/obedsayyad/Library/Developer/Xcode/DerivedData/Teach_Gate-emufbnblddohuteyncugdtrmehmv/Build -D SCRIPT_OUTPUT_ANCESTOR_9\=/Users/obedsayyad/Library/Developer/Xcode/DerivedData/Teach_Gate-emufbnblddohuteyncugdtrmehmv/Build/Products -D SCRIPT_OUTPUT_ANCESTOR_10\=/Users/obedsayyad/Library/Developer/Xcode/DerivedData/Teach_Gate-emufbnblddohuteyncugdtrmehmv/Build/Products/Debug -D SCRIPT_OUTPUT_ANCESTOR_11\=/Users/obedsayyad/Library/Developer/Xcode/DerivedData/Teach_Gate-emufbnblddohuteyncugdtrmehmv/Build/Products/Debug/TeachGateVPN.appex -D SCRIPT_OUTPUT_ANCESTOR_12\=/Users/obedsayyad/Library/Developer/Xcode/DerivedData/Teach_Gate-emufbnblddohuteyncugdtrmehmv/Build/Products/Debug/TeachGateVPN.appex/Contents -D SCRIPT_OUTPUT_ANCESTOR_13\=/Users/obedsayyad/Library/Developer/Xcode/DerivedData/Teach_Gate-emufbnblddohuteyncugdtrmehmv/Build/Products/Debug/TeachGateVPN.appex/Contents/Resources -D SRCROOT\=/Users/obedsayyad/teach-gate-macOS-app/macos -D PROJECT_DIR\=/Users/obedsayyad/teach-gate-macOS-app/macos -D OBJROOT\=/Users/obedsayyad/Library/Developer/Xcode/DerivedData/Teach_Gate-emufbnblddohuteyncugdtrmehmv/Build/Intermediates.noindex -D SYMROOT\=/Users/obedsayyad/Library/Developer/Xcode/DerivedData/Teach_Gate-emufbnblddohuteyncugdtrmehmv/Build/Products -D DSTROOT\=/tmp/Teach\ Gate.dst -D SHARED_PRECOMPS_DIR\=/Users/obedsayyad/Library/Developer/Xcode/DerivedData/Teach_Gate-emufbnblddohuteyncugdtrmehmv/Build/Intermediates.noindex/PrecompiledHeaders -D CACHE_ROOT\=/var/folders/lg/8zjgbnq53mg76bgrmj7fyk6r0000gn/C/com.apple.DeveloperTools/16.4-16F6/Xcode -D CONFIGURATION_BUILD_DIR\=/Users/obedsayyad/Library/Developer/Xcode/DerivedData/Teach_Gate-emufbnblddohuteyncugdtrmehmv/Build/Products/Debug -D CONFIGURATION_TEMP_DIR\=/Users/obedsayyad/Library/Developer/Xcode/DerivedData/Teach_Gate-emufbnblddohuteyncugdtrmehmv/Build/Intermediates.noindex/Teach\ Gate.build/Debug -D LOCROOT\=/Users/obedsayyad/teach-gate-macOS-app/macos -D LOCSYMROOT\=/Users/obedsayyad/teach-gate-macOS-app/macos -D INDEX_PRECOMPS_DIR\=/Users/obedsayyad/Library/Developer/Xcode/DerivedData/Teach_Gate-emufbnblddohuteyncugdtrmehmv/Index.noindex/PrecompiledHeaders -D INDEX_DATA_STORE_DIR\=/Users/obedsayyad/Library/Developer/Xcode/DerivedData/Teach_Gate-emufbnblddohuteyncugdtrmehmv/Index.noindex/DataStore -D TEMP_DIR\=/Users/obedsayyad/Library/Developer/Xcode/DerivedData/Teach_Gate-emufbnblddohuteyncugdtrmehmv/Build/Intermediates.noindex/Teach\ Gate.build/Debug/TeachGateVPN.build -D TARGET_TEMP_DIR\=/Users/obedsayyad/Library/Developer/Xcode/DerivedData/Teach_Gate-emufbnblddohuteyncugdtrmehmv/Build/Intermediates.noindex/Teach\ Gate.build/Debug/TeachGateVPN.build -D DERIVED_FILE_DIR\=/Users/obedsayyad/Library/Developer/Xcode/DerivedData/Teach_Gate-emufbnblddohuteyncugdtrmehmv/Build/Intermediates.noindex/Teach\ Gate.build/Debug/TeachGateVPN.build/DerivedSources -f /Users/obedsayyad/Library/Developer/Xcode/DerivedData/Teach_Gate-emufbnblddohuteyncugdtrmehmv/Build/Intermediates.noindex/Teach\ Gate.build/Debug/TeachGateVPN.build/a23e37f4deffff887f4556fcd2da7a52.sb /bin/sh -c /Users/obedsayyad/Library/Developer/Xcode/DerivedData/Teach_Gate-emufbnblddohuteyncugdtrmehmv/Build/Intermediates.noindex/Teach\\\ Gate.build/Debug/TeachGateVPN.build/Script-EEBA88FC3AF37F8F7CFB592F.sh
building file list ... done

sent 29 bytes  received 20 bytes  98.00 bytes/sec
total size is 0  speedup is 0.00

ExtractAppIntentsMetadata (in target 'TeachGateVPN' from project 'Teach Gate')
    cd /Users/obedsayyad/teach-gate-macOS-app/macos
    /Applications/Xcode.app/Contents/Developer/Toolchains/XcodeDefault.xctoolchain/usr/bin/appintentsmetadataprocessor --toolchain-dir /Applications/Xcode.app/Contents/Developer/Toolchains/XcodeDefault.xctoolchain --module-name TeachGateVPN --sdk-root /Applications/Xcode.app/Contents/Developer/Platforms/MacOSX.platform/Developer/SDKs/MacOSX15.5.sdk --xcode-version 16F6 --platform-family macOS --deployment-target 15.0 --bundle-identifier com.teachgatedesk.develentcorp.TeachGateVPN --output /Users/obedsayyad/Library/Developer/Xcode/DerivedData/Teach_Gate-emufbnblddohuteyncugdtrmehmv/Build/Products/Debug/TeachGateVPN.appex/Contents/Resources --target-triple arm64-apple-macos15.0 --binary-file /Users/obedsayyad/Library/Developer/Xcode/DerivedData/Teach_Gate-emufbnblddohuteyncugdtrmehmv/Build/Products/Debug/TeachGateVPN.appex/Contents/MacOS/TeachGateVPN --dependency-file /Users/obedsayyad/Library/Developer/Xcode/DerivedData/Teach_Gate-emufbnblddohuteyncugdtrmehmv/Build/Intermediates.noindex/Teach\ Gate.build/Debug/TeachGateVPN.build/Objects-normal/arm64/TeachGateVPN_dependency_info.dat --stringsdata-file /Users/obedsayyad/Library/Developer/Xcode/DerivedData/Teach_Gate-emufbnblddohuteyncugdtrmehmv/Build/Intermediates.noindex/Teach\ Gate.build/Debug/TeachGateVPN.build/Objects-normal/arm64/ExtractedAppShortcutsMetadata.stringsdata --source-file-list /Users/obedsayyad/Library/Developer/Xcode/DerivedData/Teach_Gate-emufbnblddohuteyncugdtrmehmv/Build/Intermediates.noindex/Teach\ Gate.build/Debug/TeachGateVPN.build/Objects-normal/arm64/TeachGateVPN.SwiftFileList --metadata-file-list /Users/obedsayyad/Library/Developer/Xcode/DerivedData/Teach_Gate-emufbnblddohuteyncugdtrmehmv/Build/Intermediates.noindex/Teach\ Gate.build/Debug/TeachGateVPN.build/TeachGateVPN.DependencyMetadataFileList --static-metadata-file-list /Users/obedsayyad/Library/Developer/Xcode/DerivedData/Teach_Gate-emufbnblddohuteyncugdtrmehmv/Build/Intermediates.noindex/Teach\ Gate.build/Debug/TeachGateVPN.build/TeachGateVPN.DependencyStaticMetadataFileList --swift-const-vals-list /Users/obedsayyad/Library/Developer/Xcode/DerivedData/Teach_Gate-emufbnblddohuteyncugdtrmehmv/Build/Intermediates.noindex/Teach\ Gate.build/Debug/TeachGateVPN.build/Objects-normal/arm64/TeachGateVPN.SwiftConstValuesFileList --compile-time-extraction --deployment-aware-processing --validate-assistant-intents --no-app-shortcuts-localization
2025-08-26 10:14:02.351 appintentsmetadataprocessor[33272:3851415] Starting appintentsmetadataprocessor export
2025-08-26 10:14:02.354 appintentsmetadataprocessor[33272:3851415] warning: Metadata extraction skipped. No AppIntents.framework dependency found.

CodeSign /Users/obedsayyad/Library/Developer/Xcode/DerivedData/Teach_Gate-emufbnblddohuteyncugdtrmehmv/Build/Products/Debug/TeachGateVPN.appex (in target 'TeachGateVPN' from project 'Teach Gate')
    cd /Users/obedsayyad/teach-gate-macOS-app/macos
    
    Signing Identity:     "Apple Development: Obed Sayyad (L68KR9DKYL)"
    Provisioning Profile: "Mac Team Provisioning Profile: com.teachgatedesk.develentcorp.TeachGateVPN"
                          (430cd8ee-43a6-49d5-8b50-f0d8ccdaa24d)
    
    /usr/bin/codesign --force --sign 4628374751363885AE08EEF47AA13EAE9FAA6F14 -o runtime --entitlements /Users/obedsayyad/Library/Developer/Xcode/DerivedData/Teach_Gate-emufbnblddohuteyncugdtrmehmv/Build/Intermediates.noindex/Teach\ Gate.build/Debug/TeachGateVPN.build/TeachGateVPN.appex.xcent --timestamp\=none --generate-entitlement-der /Users/obedsayyad/Library/Developer/Xcode/DerivedData/Teach_Gate-emufbnblddohuteyncugdtrmehmv/Build/Products/Debug/TeachGateVPN.appex

RegisterExecutionPolicyException /Users/obedsayyad/Library/Developer/Xcode/DerivedData/Teach_Gate-emufbnblddohuteyncugdtrmehmv/Build/Products/Debug/TeachGateVPN.appex (in target 'TeachGateVPN' from project 'Teach Gate')
    cd /Users/obedsayyad/teach-gate-macOS-app/macos
    builtin-RegisterExecutionPolicyException /Users/obedsayyad/Library/Developer/Xcode/DerivedData/Teach_Gate-emufbnblddohuteyncugdtrmehmv/Build/Products/Debug/TeachGateVPN.appex

Touch /Users/obedsayyad/Library/Developer/Xcode/DerivedData/Teach_Gate-emufbnblddohuteyncugdtrmehmv/Build/Products/Debug/TeachGateVPN.appex (in target 'TeachGateVPN' from project 'Teach Gate')
    cd /Users/obedsayyad/teach-gate-macOS-app/macos
    /usr/bin/touch -c /Users/obedsayyad/Library/Developer/Xcode/DerivedData/Teach_Gate-emufbnblddohuteyncugdtrmehmv/Build/Products/Debug/TeachGateVPN.appex

** BUILD SUCCEEDED **

