Command line invocation:
    /Applications/Xcode.app/Contents/Developer/usr/bin/xcodebuild -workspace "Teach Gate.xcworkspace" -scheme TeachGateVPN -configuration Debug build

ComputePackagePrebuildTargetDependencyGraph

Prepare packages

CreateBuildRequest

SendProjectDescription

CreateBuildOperation

ComputeTargetDependencyGraph
note: Building targets in dependency order
note: Target dependency graph (4 targets)
    Target 'TeachGateVPN' in project 'Teach Gate'
        ➜ Implicit dependency on target 'Pods-TeachGateVPN' in project 'Pods' via file 'libPods-TeachGateVPN.a' in build phase 'Link Binary'
        ➜ Implicit dependency on target 'CocoaLumberjack' in project 'Pods' via options '-lCocoaLumberjack' in build setting 'OTHER_LDFLAGS'
    Target 'Pods-TeachGateVPN' in project 'Pods'
        ➜ Explicit dependency on target 'CocoaLumberjack' in project 'Pods'
    Target 'CocoaLumberjack' in project 'Pods'
        ➜ Explicit dependency on target 'CocoaLumberjack-CocoaLumberjackPrivacy' in project 'Pods'
    Target 'CocoaLumberjack-CocoaLumberjackPrivacy' in project 'Pods' (no dependencies)

GatherProvisioningInputs

CreateBuildDescription

ExecuteExternalTool /Applications/Xcode.app/Contents/Developer/Toolchains/XcodeDefault.xctoolchain/usr/bin/clang -v -E -dM -arch arm64 -isysroot /Applications/Xcode.app/Contents/Developer/Platforms/MacOSX.platform/Developer/SDKs/MacOSX15.5.sdk -x objective-c -c /dev/null

ExecuteExternalTool /Applications/Xcode.app/Contents/Developer/Toolchains/XcodeDefault.xctoolchain/usr/bin/clang -v -E -dM -isysroot /Applications/Xcode.app/Contents/Developer/Platforms/MacOSX.platform/Developer/SDKs/MacOSX15.5.sdk -x c -c /dev/null

ExecuteExternalTool /Applications/Xcode.app/Contents/Developer/Toolchains/XcodeDefault.xctoolchain/usr/bin/swiftc --version

ExecuteExternalTool /Applications/Xcode.app/Contents/Developer/Toolchains/XcodeDefault.xctoolchain/usr/bin/libtool -V

ExecuteExternalTool /Applications/Xcode.app/Contents/Developer/Toolchains/XcodeDefault.xctoolchain/usr/bin/ld -version_details

ExecuteExternalTool /Applications/Xcode.app/Contents/Developer/Toolchains/XcodeDefault.xctoolchain/usr/bin/clang -v -E -dM -arch arm64 -isysroot /Applications/Xcode.app/Contents/Developer/Platforms/MacOSX.platform/Developer/SDKs/MacOSX15.5.sdk -x c -c /dev/null

Build description signature: 66343becf3904a7322e9f02e075b4486
Build description path: /Users/obedsayyad/Library/Developer/Xcode/DerivedData/Teach_Gate-emufbnblddohuteyncugdtrmehmv/Build/Intermediates.noindex/XCBuildData/66343becf3904a7322e9f02e075b4486.xcbuilddata
ClangStatCache /Applications/Xcode.app/Contents/Developer/Toolchains/XcodeDefault.xctoolchain/usr/bin/clang-stat-cache /Applications/Xcode.app/Contents/Developer/Platforms/MacOSX.platform/Developer/SDKs/MacOSX15.5.sdk /Users/obedsayyad/Library/Developer/Xcode/DerivedData/SDKStatCaches.noindex/macosx15.5-24F74-8254517eb8b97d462ccbc072ba9094c9.sdkstatcache
    cd /Users/obedsayyad/teach-gate-macOS-app/macos
    /Applications/Xcode.app/Contents/Developer/Toolchains/XcodeDefault.xctoolchain/usr/bin/clang-stat-cache /Applications/Xcode.app/Contents/Developer/Platforms/MacOSX.platform/Developer/SDKs/MacOSX15.5.sdk -o /Users/obedsayyad/Library/Developer/Xcode/DerivedData/SDKStatCaches.noindex/macosx15.5-24F74-8254517eb8b97d462ccbc072ba9094c9.sdkstatcache

ProcessInfoPlistFile /Users/obedsayyad/Library/Developer/Xcode/DerivedData/Teach_Gate-emufbnblddohuteyncugdtrmehmv/Build/Products/Debug/CocoaLumberjack/CocoaLumberjackPrivacy.bundle/Contents/Info.plist /Users/obedsayyad/teach-gate-macOS-app/macos/Pods/Target\ Support\ Files/CocoaLumberjack/ResourceBundle-CocoaLumberjackPrivacy-CocoaLumberjack-Info.plist (in target 'CocoaLumberjack-CocoaLumberjackPrivacy' from project 'Pods')
    cd /Users/obedsayyad/teach-gate-macOS-app/macos/Pods
    builtin-infoPlistUtility /Users/obedsayyad/teach-gate-macOS-app/macos/Pods/Target\ Support\ Files/CocoaLumberjack/ResourceBundle-CocoaLumberjackPrivacy-CocoaLumberjack-Info.plist -producttype com.apple.product-type.bundle -expandbuildsettings -platform macosx -o /Users/obedsayyad/Library/Developer/Xcode/DerivedData/Teach_Gate-emufbnblddohuteyncugdtrmehmv/Build/Products/Debug/CocoaLumberjack/CocoaLumberjackPrivacy.bundle/Contents/Info.plist

warning: Skipping duplicate build file in Compile Sources build phase: /Users/obedsayyad/teach-gate-macOS-app/macos/TeachGateVPN/PacketTunnelProvider.m (in target 'TeachGateVPN' from project 'Teach Gate')
ProcessInfoPlistFile /Users/obedsayyad/Library/Developer/Xcode/DerivedData/Teach_Gate-emufbnblddohuteyncugdtrmehmv/Build/Products/Debug/TeachGateVPN.appex/Contents/Info.plist /Users/obedsayyad/teach-gate-macOS-app/macos/TeachGateVPN/Info.plist (in target 'TeachGateVPN' from project 'Teach Gate')
    cd /Users/obedsayyad/teach-gate-macOS-app/macos
    builtin-infoPlistUtility /Users/obedsayyad/teach-gate-macOS-app/macos/TeachGateVPN/Info.plist -producttype com.apple.product-type.app-extension -expandbuildsettings -platform macosx -o /Users/obedsayyad/Library/Developer/Xcode/DerivedData/Teach_Gate-emufbnblddohuteyncugdtrmehmv/Build/Products/Debug/TeachGateVPN.appex/Contents/Info.plist

PhaseScriptExecution [CP]\ Copy\ Pods\ Resources /Users/obedsayyad/Library/Developer/Xcode/DerivedData/Teach_Gate-emufbnblddohuteyncugdtrmehmv/Build/Intermediates.noindex/Teach\ Gate.build/Debug/TeachGateVPN.build/Script-EEBA88FC3AF37F8F7CFB592F.sh (in target 'TeachGateVPN' from project 'Teach Gate')
    cd /Users/obedsayyad/teach-gate-macOS-app/macos
    /usr/bin/sandbox-exec -D SCRIPT_OUTPUT_FILE_0\=/Users/obedsayyad/Library/Developer/Xcode/DerivedData/Teach_Gate-emufbnblddohuteyncugdtrmehmv/Build/Products/Debug/TeachGateVPN.appex/Contents/Resources/CocoaLumberjackPrivacy.bundle -D SCRIPT_INPUT_FILE_0\=/Users/obedsayyad/teach-gate-macOS-app/macos/Pods/Target\ Support\ Files/Pods-TeachGateVPN/Pods-TeachGateVPN-resources.sh -D SCRIPT_INPUT_FILE_1\=/Users/obedsayyad/Library/Developer/Xcode/DerivedData/Teach_Gate-emufbnblddohuteyncugdtrmehmv/Build/Products/Debug/CocoaLumberjack/CocoaLumberjackPrivacy.bundle -D SCRIPT_INPUT_FILE_2\=/Users/obedsayyad/Library/Developer/Xcode/DerivedData/Teach_Gate-emufbnblddohuteyncugdtrmehmv/Build/Intermediates.noindex/Teach\ Gate.build/Debug/TeachGateVPN.build/Script-EEBA88FC3AF37F8F7CFB592F.sh -D SCRIPT_INPUT_ANCESTOR_0\=/ -D SCRIPT_INPUT_ANCESTOR_1\=/Users -D SCRIPT_INPUT_ANCESTOR_2\=/Users/obedsayyad -D SCRIPT_INPUT_ANCESTOR_3\=/Users/obedsayyad/Library -D SCRIPT_INPUT_ANCESTOR_4\=/Users/obedsayyad/Library/Developer -D SCRIPT_INPUT_ANCESTOR_5\=/Users/obedsayyad/Library/Developer/Xcode -D SCRIPT_INPUT_ANCESTOR_6\=/Users/obedsayyad/Library/Developer/Xcode/DerivedData -D SCRIPT_INPUT_ANCESTOR_7\=/Users/obedsayyad/Library/Developer/Xcode/DerivedData/Teach_Gate-emufbnblddohuteyncugdtrmehmv -D SCRIPT_INPUT_ANCESTOR_8\=/Users/obedsayyad/Library/Developer/Xcode/DerivedData/Teach_Gate-emufbnblddohuteyncugdtrmehmv/Build -D SCRIPT_INPUT_ANCESTOR_9\=/Users/obedsayyad/Library/Developer/Xcode/DerivedData/Teach_Gate-emufbnblddohuteyncugdtrmehmv/Build/Intermediates.noindex -D SCRIPT_INPUT_ANCESTOR_10\=/Users/obedsayyad/Library/Developer/Xcode/DerivedData/Teach_Gate-emufbnblddohuteyncugdtrmehmv/Build/Intermediates.noindex/Teach\ Gate.build -D SCRIPT_INPUT_ANCESTOR_11\=/Users/obedsayyad/Library/Developer/Xcode/DerivedData/Teach_Gate-emufbnblddohuteyncugdtrmehmv/Build/Intermediates.noindex/Teach\ Gate.build/Debug -D SCRIPT_INPUT_ANCESTOR_12\=/Users/obedsayyad/Library/Developer/Xcode/DerivedData/Teach_Gate-emufbnblddohuteyncugdtrmehmv/Build/Intermediates.noindex/Teach\ Gate.build/Debug/TeachGateVPN.build -D SCRIPT_INPUT_ANCESTOR_13\=/Users/obedsayyad/Library/Developer/Xcode/DerivedData/Teach_Gate-emufbnblddohuteyncugdtrmehmv/Build/Products -D SCRIPT_INPUT_ANCESTOR_14\=/Users/obedsayyad/Library/Developer/Xcode/DerivedData/Teach_Gate-emufbnblddohuteyncugdtrmehmv/Build/Products/Debug -D SCRIPT_INPUT_ANCESTOR_15\=/Users/obedsayyad/Library/Developer/Xcode/DerivedData/Teach_Gate-emufbnblddohuteyncugdtrmehmv/Build/Products/Debug/CocoaLumberjack -D SCRIPT_INPUT_ANCESTOR_16\=/Users/obedsayyad/teach-gate-macOS-app -D SCRIPT_INPUT_ANCESTOR_17\=/Users/obedsayyad/teach-gate-macOS-app/macos -D SCRIPT_INPUT_ANCESTOR_18\=/Users/obedsayyad/teach-gate-macOS-app/macos/Pods -D SCRIPT_INPUT_ANCESTOR_19\=/Users/obedsayyad/teach-gate-macOS-app/macos/Pods/Target\ Support\ Files -D SCRIPT_INPUT_ANCESTOR_20\=/Users/obedsayyad/teach-gate-macOS-app/macos/Pods/Target\ Support\ Files/Pods-TeachGateVPN -D SCRIPT_OUTPUT_ANCESTOR_0\=/ -D SCRIPT_OUTPUT_ANCESTOR_1\=/Users -D SCRIPT_OUTPUT_ANCESTOR_2\=/Users/obedsayyad -D SCRIPT_OUTPUT_ANCESTOR_3\=/Users/obedsayyad/Library -D SCRIPT_OUTPUT_ANCESTOR_4\=/Users/obedsayyad/Library/Developer -D SCRIPT_OUTPUT_ANCESTOR_5\=/Users/obedsayyad/Library/Developer/Xcode -D SCRIPT_OUTPUT_ANCESTOR_6\=/Users/obedsayyad/Library/Developer/Xcode/DerivedData -D SCRIPT_OUTPUT_ANCESTOR_7\=/Users/obedsayyad/Library/Developer/Xcode/DerivedData/Teach_Gate-emufbnblddohuteyncugdtrmehmv -D SCRIPT_OUTPUT_ANCESTOR_8\=/Users/obedsayyad/Library/Developer/Xcode/DerivedData/Teach_Gate-emufbnblddohuteyncugdtrmehmv/Build -D SCRIPT_OUTPUT_ANCESTOR_9\=/Users/obedsayyad/Library/Developer/Xcode/DerivedData/Teach_Gate-emufbnblddohuteyncugdtrmehmv/Build/Products -D SCRIPT_OUTPUT_ANCESTOR_10\=/Users/obedsayyad/Library/Developer/Xcode/DerivedData/Teach_Gate-emufbnblddohuteyncugdtrmehmv/Build/Products/Debug -D SCRIPT_OUTPUT_ANCESTOR_11\=/Users/obedsayyad/Library/Developer/Xcode/DerivedData/Teach_Gate-emufbnblddohuteyncugdtrmehmv/Build/Products/Debug/TeachGateVPN.appex -D SCRIPT_OUTPUT_ANCESTOR_12\=/Users/obedsayyad/Library/Developer/Xcode/DerivedData/Teach_Gate-emufbnblddohuteyncugdtrmehmv/Build/Products/Debug/TeachGateVPN.appex/Contents -D SCRIPT_OUTPUT_ANCESTOR_13\=/Users/obedsayyad/Library/Developer/Xcode/DerivedData/Teach_Gate-emufbnblddohuteyncugdtrmehmv/Build/Products/Debug/TeachGateVPN.appex/Contents/Resources -D SRCROOT\=/Users/obedsayyad/teach-gate-macOS-app/macos -D PROJECT_DIR\=/Users/obedsayyad/teach-gate-macOS-app/macos -D OBJROOT\=/Users/obedsayyad/Library/Developer/Xcode/DerivedData/Teach_Gate-emufbnblddohuteyncugdtrmehmv/Build/Intermediates.noindex -D SYMROOT\=/Users/obedsayyad/Library/Developer/Xcode/DerivedData/Teach_Gate-emufbnblddohuteyncugdtrmehmv/Build/Products -D DSTROOT\=/tmp/Teach\ Gate.dst -D SHARED_PRECOMPS_DIR\=/Users/obedsayyad/Library/Developer/Xcode/DerivedData/Teach_Gate-emufbnblddohuteyncugdtrmehmv/Build/Intermediates.noindex/PrecompiledHeaders -D CACHE_ROOT\=/var/folders/lg/8zjgbnq53mg76bgrmj7fyk6r0000gn/C/com.apple.DeveloperTools/16.4-16F6/Xcode -D CONFIGURATION_BUILD_DIR\=/Users/obedsayyad/Library/Developer/Xcode/DerivedData/Teach_Gate-emufbnblddohuteyncugdtrmehmv/Build/Products/Debug -D CONFIGURATION_TEMP_DIR\=/Users/obedsayyad/Library/Developer/Xcode/DerivedData/Teach_Gate-emufbnblddohuteyncugdtrmehmv/Build/Intermediates.noindex/Teach\ Gate.build/Debug -D LOCROOT\=/Users/obedsayyad/teach-gate-macOS-app/macos -D LOCSYMROOT\=/Users/obedsayyad/teach-gate-macOS-app/macos -D INDEX_PRECOMPS_DIR\=/Users/obedsayyad/Library/Developer/Xcode/DerivedData/Teach_Gate-emufbnblddohuteyncugdtrmehmv/Index.noindex/PrecompiledHeaders -D INDEX_DATA_STORE_DIR\=/Users/obedsayyad/Library/Developer/Xcode/DerivedData/Teach_Gate-emufbnblddohuteyncugdtrmehmv/Index.noindex/DataStore -D TEMP_DIR\=/Users/obedsayyad/Library/Developer/Xcode/DerivedData/Teach_Gate-emufbnblddohuteyncugdtrmehmv/Build/Intermediates.noindex/Teach\ Gate.build/Debug/TeachGateVPN.build -D TARGET_TEMP_DIR\=/Users/obedsayyad/Library/Developer/Xcode/DerivedData/Teach_Gate-emufbnblddohuteyncugdtrmehmv/Build/Intermediates.noindex/Teach\ Gate.build/Debug/TeachGateVPN.build -D DERIVED_FILE_DIR\=/Users/obedsayyad/Library/Developer/Xcode/DerivedData/Teach_Gate-emufbnblddohuteyncugdtrmehmv/Build/Intermediates.noindex/Teach\ Gate.build/Debug/TeachGateVPN.build/DerivedSources -f /Users/obedsayyad/Library/Developer/Xcode/DerivedData/Teach_Gate-emufbnblddohuteyncugdtrmehmv/Build/Intermediates.noindex/Teach\ Gate.build/Debug/TeachGateVPN.build/a23e37f4deffff887f4556fcd2da7a52.sb /bin/sh -c /Users/obedsayyad/Library/Developer/Xcode/DerivedData/Teach_Gate-emufbnblddohuteyncugdtrmehmv/Build/Intermediates.noindex/Teach\\\ Gate.build/Debug/TeachGateVPN.build/Script-EEBA88FC3AF37F8F7CFB592F.sh
error: Sandbox: rsync.samba(33012) deny(1) file-write-create /Users/obedsayyad/Library/Developer/Xcode/DerivedData/Teach_Gate-emufbnblddohuteyncugdtrmehmv/Build/Products/Debug/TeachGateVPN.appex/Contents/Resources/CocoaLumberjackPrivacy.bundle/Contents (in target 'TeachGateVPN' from project 'Teach Gate')
/Users/obedsayyad/Library/Developer/Xcode/DerivedData/Teach_Gate-emufbnblddohuteyncugdtrmehmv/Build/Products/Debug/CocoaLumberjack/CocoaLumberjackPrivacy.bundle
building file list ... done
CocoaLumberjackPrivacy.bundle/
CocoaLumberjackPrivacy.bundle/Contents/
rsync: recv_generator: mkdir "/Users/obedsayyad/Library/Developer/Xcode/DerivedData/Teach_Gate-emufbnblddohuteyncugdtrmehmv/Build/Products/Debug/TeachGateVPN.appex/Contents/Resources/CocoaLumberjackPrivacy.bundle/Contents" failed: Operation not permitted (1)
*** Skipping everything below this failed directory ***

sent 209 bytes  received 32 bytes  482.00 bytes/sec
total size is 2095  speedup is 8.69
rsync error: some files could not be transferred (code 23) at /AppleInternal/Library/BuildRoots/5bb93434-bef0-11ef-bef2-d285688f7a47/Library/Caches/com.apple.xbs/Sources/rsync/rsync/main.c(996) [sender=2.6.9]
/Users/obedsayyad/teach-gate-macOS-app/macos/Pods/Target Support Files/Pods-TeachGateVPN/Pods-TeachGateVPN-resources.sh:107: error: Unexpected failure

