Command line invocation:
    /Applications/Xcode.app/Contents/Developer/usr/bin/xcodebuild -project "macos/Teach Gate.xcodeproj" -target TeachGateVPN -configuration Debug clean build -allowProvisioningUpdates

ComputePackagePrebuildTargetDependencyGraph

CreateBuildRequest

SendProjectDescription

CreateBuildOperation

error: Could not delete `/Users/obedsayyad/teach-gate-macOS-app/macos/build` because it was not created by the build system.
    note: To mark this directory as deletable by the build system, run `xattr -w com.apple.xcode.CreatedByBuildSystem true /Users/obedsayyad/teach-gate-macOS-app/macos/build` when it is created.
ComputePackagePrebuildTargetDependencyGraph

Prepare packages

CreateBuildRequest

SendProjectDescription

CreateBuildOperation

ComputeTargetDependencyGraph
note: Building targets in dependency order
note: Target dependency graph (1 target)
    Target 'TeachGateVPN' in project 'Teach Gate' (no dependencies)

GatherProvisioningInputs

CreateBuildDescription

ExecuteExternalTool /Applications/Xcode.app/Contents/Developer/Toolchains/XcodeDefault.xctoolchain/usr/bin/clang -v -E -dM -isysroot /Applications/Xcode.app/Contents/Developer/Platforms/MacOSX.platform/Developer/SDKs/MacOSX15.5.sdk -x c -c /dev/null

ExecuteExternalTool /Applications/Xcode.app/Contents/Developer/Toolchains/XcodeDefault.xctoolchain/usr/bin/clang -v -E -dM -arch arm64 -isysroot /Applications/Xcode.app/Contents/Developer/Platforms/MacOSX.platform/Developer/SDKs/MacOSX15.5.sdk -x objective-c -c /dev/null

ExecuteExternalTool /Applications/Xcode.app/Contents/Developer/Toolchains/XcodeDefault.xctoolchain/usr/bin/swiftc --version

ExecuteExternalTool /Applications/Xcode.app/Contents/Developer/Toolchains/XcodeDefault.xctoolchain/usr/bin/ld -version_details

ExecuteExternalTool /Applications/Xcode.app/Contents/Developer/Toolchains/XcodeDefault.xctoolchain/usr/bin/clang -v -E -dM -arch arm64 -isysroot /Applications/Xcode.app/Contents/Developer/Platforms/MacOSX.platform/Developer/SDKs/MacOSX15.5.sdk -x c -c /dev/null

ExecuteExternalTool /Applications/Xcode.app/Contents/Developer/Toolchains/XcodeDefault.xctoolchain/usr/bin/clang -v -E -dM -arch x86_64 -isysroot /Applications/Xcode.app/Contents/Developer/Platforms/MacOSX.platform/Developer/SDKs/MacOSX15.5.sdk -x objective-c -c /dev/null

ExecuteExternalTool /Applications/Xcode.app/Contents/Developer/Toolchains/XcodeDefault.xctoolchain/usr/bin/clang -v -E -dM -arch x86_64 -isysroot /Applications/Xcode.app/Contents/Developer/Platforms/MacOSX.platform/Developer/SDKs/MacOSX15.5.sdk -x c -c /dev/null

Build description signature: 0dffc0b43cf843642cd006b800b59fa4
Build description path: /Users/obedsayyad/teach-gate-macOS-app/macos/build/XCBuildData/0dffc0b43cf843642cd006b800b59fa4.xcbuilddata
ClangStatCache /Applications/Xcode.app/Contents/Developer/Toolchains/XcodeDefault.xctoolchain/usr/bin/clang-stat-cache /Applications/Xcode.app/Contents/Developer/Platforms/MacOSX.platform/Developer/SDKs/MacOSX15.5.sdk /var/folders/lg/8zjgbnq53mg76bgrmj7fyk6r0000gn/C/com.apple.DeveloperTools/16.4-16F6/Xcode/SDKStatCaches.noindex/macosx15.5-24F74-8254517eb8b97d462ccbc072ba9094c9.sdkstatcache
    cd /Users/obedsayyad/teach-gate-macOS-app/macos/Teach\ Gate.xcodeproj
    /Applications/Xcode.app/Contents/Developer/Toolchains/XcodeDefault.xctoolchain/usr/bin/clang-stat-cache /Applications/Xcode.app/Contents/Developer/Platforms/MacOSX.platform/Developer/SDKs/MacOSX15.5.sdk -o /var/folders/lg/8zjgbnq53mg76bgrmj7fyk6r0000gn/C/com.apple.DeveloperTools/16.4-16F6/Xcode/SDKStatCaches.noindex/macosx15.5-24F74-8254517eb8b97d462ccbc072ba9094c9.sdkstatcache

CreateBuildDirectory /Users/obedsayyad/teach-gate-macOS-app/macos/build/EagerLinkingTBDs/Debug
    cd /Users/obedsayyad/teach-gate-macOS-app/macos/Teach\ Gate.xcodeproj
    builtin-create-build-directory /Users/obedsayyad/teach-gate-macOS-app/macos/build/EagerLinkingTBDs/Debug

CreateBuildDirectory /Users/obedsayyad/teach-gate-macOS-app/macos/build/Debug
    cd /Users/obedsayyad/teach-gate-macOS-app/macos/Teach\ Gate.xcodeproj
    builtin-create-build-directory /Users/obedsayyad/teach-gate-macOS-app/macos/build/Debug

ProcessXCFramework /Users/obedsayyad/teach-gate-macOS-app/packages/react-native-outline-vpn/Frameworks/macos/Tun2socks.xcframework /Users/obedsayyad/teach-gate-macOS-app/macos/build/Debug/Tun2socks.framework macos
    cd /Users/obedsayyad/teach-gate-macOS-app/macos/Teach\ Gate.xcodeproj
    builtin-process-xcframework --xcframework /Users/obedsayyad/teach-gate-macOS-app/packages/react-native-outline-vpn/Frameworks/macos/Tun2socks.xcframework --platform macos --target-path /Users/obedsayyad/teach-gate-macOS-app/macos/build/Debug

MkDir /Users/obedsayyad/teach-gate-macOS-app/macos/build/Debug/TeachGateVPN.appex (in target 'TeachGateVPN' from project 'Teach Gate')
    cd /Users/obedsayyad/teach-gate-macOS-app/macos
    /bin/mkdir -p /Users/obedsayyad/teach-gate-macOS-app/macos/build/Debug/TeachGateVPN.appex

MkDir /Users/obedsayyad/teach-gate-macOS-app/macos/build/Debug/TeachGateVPN.appex/Contents (in target 'TeachGateVPN' from project 'Teach Gate')
    cd /Users/obedsayyad/teach-gate-macOS-app/macos
    /bin/mkdir -p /Users/obedsayyad/teach-gate-macOS-app/macos/build/Debug/TeachGateVPN.appex/Contents

MkDir /Users/obedsayyad/teach-gate-macOS-app/macos/build/Debug/TeachGateVPN.appex/Contents/MacOS (in target 'TeachGateVPN' from project 'Teach Gate')
    cd /Users/obedsayyad/teach-gate-macOS-app/macos
    /bin/mkdir -p /Users/obedsayyad/teach-gate-macOS-app/macos/build/Debug/TeachGateVPN.appex/Contents/MacOS

ProcessProductPackaging /Users/obedsayyad/Library/Developer/Xcode/UserData/Provisioning\ Profiles/430cd8ee-43a6-49d5-8b50-f0d8ccdaa24d.provisionprofile /Users/obedsayyad/teach-gate-macOS-app/macos/build/Debug/TeachGateVPN.appex/Contents/embedded.provisionprofile (in target 'TeachGateVPN' from project 'Teach Gate')
    cd /Users/obedsayyad/teach-gate-macOS-app/macos
    builtin-productPackagingUtility /Users/obedsayyad/Library/Developer/Xcode/UserData/Provisioning\ Profiles/430cd8ee-43a6-49d5-8b50-f0d8ccdaa24d.provisionprofile -o /Users/obedsayyad/teach-gate-macOS-app/macos/build/Debug/TeachGateVPN.appex/Contents/embedded.provisionprofile

ProcessInfoPlistFile /Users/obedsayyad/teach-gate-macOS-app/macos/build/Debug/TeachGateVPN.appex/Contents/Info.plist /Users/obedsayyad/teach-gate-macOS-app/macos/TeachGateVPN/Info.plist (in target 'TeachGateVPN' from project 'Teach Gate')
    cd /Users/obedsayyad/teach-gate-macOS-app/macos
    builtin-infoPlistUtility /Users/obedsayyad/teach-gate-macOS-app/macos/TeachGateVPN/Info.plist -producttype com.apple.product-type.app-extension -expandbuildsettings -platform macosx -o /Users/obedsayyad/teach-gate-macOS-app/macos/build/Debug/TeachGateVPN.appex/Contents/Info.plist

Ld /Users/obedsayyad/teach-gate-macOS-app/macos/build/Teach\ Gate.build/Debug/TeachGateVPN.build/Objects-normal/x86_64/Binary/TeachGateVPN normal x86_64 (in target 'TeachGateVPN' from project 'Teach Gate')
    cd /Users/obedsayyad/teach-gate-macOS-app/macos
    /Applications/Xcode.app/Contents/Developer/Toolchains/XcodeDefault.xctoolchain/usr/bin/clang -Xlinker -reproducible -target x86_64-apple-macos15.0 -bundle -isysroot /Applications/Xcode.app/Contents/Developer/Platforms/MacOSX.platform/Developer/SDKs/MacOSX15.5.sdk -O0 -L/Users/obedsayyad/teach-gate-macOS-app/macos/build/EagerLinkingTBDs/Debug -L/Users/obedsayyad/teach-gate-macOS-app/macos/build/Debug -L/Applications/Xcode.app/Contents/Developer/Platforms/MacOSX.platform/Developer/SDKs/MacOSX15.5.sdk/usr/lib/swift -L/Applications/Xcode.app/Contents/Developer/Toolchains/XcodeDefault.xctoolchain/usr/lib/swift/macosx -F/Users/obedsayyad/teach-gate-macOS-app/macos/build/EagerLinkingTBDs/Debug -F/Users/obedsayyad/teach-gate-macOS-app/macos/build/Debug -filelist /Users/obedsayyad/teach-gate-macOS-app/macos/build/Teach\ Gate.build/Debug/TeachGateVPN.build/Objects-normal/x86_64/TeachGateVPN.LinkFileList -Xlinker -rpath -Xlinker /usr/lib/swift -Xlinker -rpath -Xlinker @executable_path/../Frameworks -Xlinker -rpath -Xlinker @executable_path/../../../../Frameworks -Xlinker -object_path_lto -Xlinker /Users/obedsayyad/teach-gate-macOS-app/macos/build/Teach\ Gate.build/Debug/TeachGateVPN.build/Objects-normal/x86_64/TeachGateVPN_lto.o -rdynamic -Xlinker -no_deduplicate -Xlinker -dependency_info -Xlinker /Users/obedsayyad/teach-gate-macOS-app/macos/build/Teach\ Gate.build/Debug/TeachGateVPN.build/Objects-normal/x86_64/TeachGateVPN_dependency_info.dat -fobjc-arc -fobjc-link-runtime -fapplication-extension -L/Applications/Xcode.app/Contents/Developer/Toolchains/XcodeDefault.xctoolchain/usr/lib/swift/macosx -L/usr/lib/swift -Xlinker -add_ast_path -Xlinker /Users/obedsayyad/teach-gate-macOS-app/macos/build/Teach\ Gate.build/Debug/TeachGateVPN.build/Objects-normal/x86_64/TeachGateVPN.swiftmodule -ObjC -framework NetworkExtension -framework Tun2socks -Xlinker -no_adhoc_codesign -o /Users/obedsayyad/teach-gate-macOS-app/macos/build/Teach\ Gate.build/Debug/TeachGateVPN.build/Objects-normal/x86_64/Binary/TeachGateVPN

Ld /Users/obedsayyad/teach-gate-macOS-app/macos/build/Teach\ Gate.build/Debug/TeachGateVPN.build/Objects-normal/arm64/Binary/TeachGateVPN normal arm64 (in target 'TeachGateVPN' from project 'Teach Gate')
    cd /Users/obedsayyad/teach-gate-macOS-app/macos
    /Applications/Xcode.app/Contents/Developer/Toolchains/XcodeDefault.xctoolchain/usr/bin/clang -Xlinker -reproducible -target arm64-apple-macos15.0 -bundle -isysroot /Applications/Xcode.app/Contents/Developer/Platforms/MacOSX.platform/Developer/SDKs/MacOSX15.5.sdk -O0 -L/Users/obedsayyad/teach-gate-macOS-app/macos/build/EagerLinkingTBDs/Debug -L/Users/obedsayyad/teach-gate-macOS-app/macos/build/Debug -L/Applications/Xcode.app/Contents/Developer/Platforms/MacOSX.platform/Developer/SDKs/MacOSX15.5.sdk/usr/lib/swift -L/Applications/Xcode.app/Contents/Developer/Toolchains/XcodeDefault.xctoolchain/usr/lib/swift/macosx -F/Users/obedsayyad/teach-gate-macOS-app/macos/build/EagerLinkingTBDs/Debug -F/Users/obedsayyad/teach-gate-macOS-app/macos/build/Debug -filelist /Users/obedsayyad/teach-gate-macOS-app/macos/build/Teach\ Gate.build/Debug/TeachGateVPN.build/Objects-normal/arm64/TeachGateVPN.LinkFileList -Xlinker -rpath -Xlinker /usr/lib/swift -Xlinker -rpath -Xlinker @executable_path/../Frameworks -Xlinker -rpath -Xlinker @executable_path/../../../../Frameworks -Xlinker -object_path_lto -Xlinker /Users/obedsayyad/teach-gate-macOS-app/macos/build/Teach\ Gate.build/Debug/TeachGateVPN.build/Objects-normal/arm64/TeachGateVPN_lto.o -rdynamic -Xlinker -no_deduplicate -Xlinker -dependency_info -Xlinker /Users/obedsayyad/teach-gate-macOS-app/macos/build/Teach\ Gate.build/Debug/TeachGateVPN.build/Objects-normal/arm64/TeachGateVPN_dependency_info.dat -fobjc-arc -fobjc-link-runtime -fapplication-extension -L/Applications/Xcode.app/Contents/Developer/Toolchains/XcodeDefault.xctoolchain/usr/lib/swift/macosx -L/usr/lib/swift -Xlinker -add_ast_path -Xlinker /Users/obedsayyad/teach-gate-macOS-app/macos/build/Teach\ Gate.build/Debug/TeachGateVPN.build/Objects-normal/arm64/TeachGateVPN.swiftmodule -ObjC -framework NetworkExtension -framework Tun2socks -Xlinker -no_adhoc_codesign -o /Users/obedsayyad/teach-gate-macOS-app/macos/build/Teach\ Gate.build/Debug/TeachGateVPN.build/Objects-normal/arm64/Binary/TeachGateVPN

Copy /Users/obedsayyad/teach-gate-macOS-app/macos/build/Debug/TeachGateVPN.swiftmodule/Project/arm64-apple-macos.swiftsourceinfo /Users/obedsayyad/teach-gate-macOS-app/macos/build/Teach\ Gate.build/Debug/TeachGateVPN.build/Objects-normal/arm64/TeachGateVPN.swiftsourceinfo (in target 'TeachGateVPN' from project 'Teach Gate')
    cd /Users/obedsayyad/teach-gate-macOS-app/macos
    builtin-copy -exclude .DS_Store -exclude CVS -exclude .svn -exclude .git -exclude .hg -resolve-src-symlinks -rename /Users/obedsayyad/teach-gate-macOS-app/macos/build/Teach\ Gate.build/Debug/TeachGateVPN.build/Objects-normal/arm64/TeachGateVPN.swiftsourceinfo /Users/obedsayyad/teach-gate-macOS-app/macos/build/Debug/TeachGateVPN.swiftmodule/Project/arm64-apple-macos.swiftsourceinfo

Copy /Users/obedsayyad/teach-gate-macOS-app/macos/build/Debug/TeachGateVPN.swiftmodule/x86_64-apple-macos.swiftdoc /Users/obedsayyad/teach-gate-macOS-app/macos/build/Teach\ Gate.build/Debug/TeachGateVPN.build/Objects-normal/x86_64/TeachGateVPN.swiftdoc (in target 'TeachGateVPN' from project 'Teach Gate')
    cd /Users/obedsayyad/teach-gate-macOS-app/macos
    builtin-copy -exclude .DS_Store -exclude CVS -exclude .svn -exclude .git -exclude .hg -resolve-src-symlinks -rename /Users/obedsayyad/teach-gate-macOS-app/macos/build/Teach\ Gate.build/Debug/TeachGateVPN.build/Objects-normal/x86_64/TeachGateVPN.swiftdoc /Users/obedsayyad/teach-gate-macOS-app/macos/build/Debug/TeachGateVPN.swiftmodule/x86_64-apple-macos.swiftdoc

Copy /Users/obedsayyad/teach-gate-macOS-app/macos/build/Debug/TeachGateVPN.swiftmodule/x86_64-apple-macos.swiftmodule /Users/obedsayyad/teach-gate-macOS-app/macos/build/Teach\ Gate.build/Debug/TeachGateVPN.build/Objects-normal/x86_64/TeachGateVPN.swiftmodule (in target 'TeachGateVPN' from project 'Teach Gate')
    cd /Users/obedsayyad/teach-gate-macOS-app/macos
    builtin-copy -exclude .DS_Store -exclude CVS -exclude .svn -exclude .git -exclude .hg -resolve-src-symlinks -rename /Users/obedsayyad/teach-gate-macOS-app/macos/build/Teach\ Gate.build/Debug/TeachGateVPN.build/Objects-normal/x86_64/TeachGateVPN.swiftmodule /Users/obedsayyad/teach-gate-macOS-app/macos/build/Debug/TeachGateVPN.swiftmodule/x86_64-apple-macos.swiftmodule

Copy /Users/obedsayyad/teach-gate-macOS-app/macos/build/Debug/TeachGateVPN.swiftmodule/x86_64-apple-macos.abi.json /Users/obedsayyad/teach-gate-macOS-app/macos/build/Teach\ Gate.build/Debug/TeachGateVPN.build/Objects-normal/x86_64/TeachGateVPN.abi.json (in target 'TeachGateVPN' from project 'Teach Gate')
    cd /Users/obedsayyad/teach-gate-macOS-app/macos
    builtin-copy -exclude .DS_Store -exclude CVS -exclude .svn -exclude .git -exclude .hg -resolve-src-symlinks -rename /Users/obedsayyad/teach-gate-macOS-app/macos/build/Teach\ Gate.build/Debug/TeachGateVPN.build/Objects-normal/x86_64/TeachGateVPN.abi.json /Users/obedsayyad/teach-gate-macOS-app/macos/build/Debug/TeachGateVPN.swiftmodule/x86_64-apple-macos.abi.json

Copy /Users/obedsayyad/teach-gate-macOS-app/macos/build/Debug/TeachGateVPN.swiftmodule/arm64-apple-macos.swiftdoc /Users/obedsayyad/teach-gate-macOS-app/macos/build/Teach\ Gate.build/Debug/TeachGateVPN.build/Objects-normal/arm64/TeachGateVPN.swiftdoc (in target 'TeachGateVPN' from project 'Teach Gate')
    cd /Users/obedsayyad/teach-gate-macOS-app/macos
    builtin-copy -exclude .DS_Store -exclude CVS -exclude .svn -exclude .git -exclude .hg -resolve-src-symlinks -rename /Users/obedsayyad/teach-gate-macOS-app/macos/build/Teach\ Gate.build/Debug/TeachGateVPN.build/Objects-normal/arm64/TeachGateVPN.swiftdoc /Users/obedsayyad/teach-gate-macOS-app/macos/build/Debug/TeachGateVPN.swiftmodule/arm64-apple-macos.swiftdoc

Copy /Users/obedsayyad/teach-gate-macOS-app/macos/build/Debug/TeachGateVPN.swiftmodule/Project/x86_64-apple-macos.swiftsourceinfo /Users/obedsayyad/teach-gate-macOS-app/macos/build/Teach\ Gate.build/Debug/TeachGateVPN.build/Objects-normal/x86_64/TeachGateVPN.swiftsourceinfo (in target 'TeachGateVPN' from project 'Teach Gate')
    cd /Users/obedsayyad/teach-gate-macOS-app/macos
    builtin-copy -exclude .DS_Store -exclude CVS -exclude .svn -exclude .git -exclude .hg -resolve-src-symlinks -rename /Users/obedsayyad/teach-gate-macOS-app/macos/build/Teach\ Gate.build/Debug/TeachGateVPN.build/Objects-normal/x86_64/TeachGateVPN.swiftsourceinfo /Users/obedsayyad/teach-gate-macOS-app/macos/build/Debug/TeachGateVPN.swiftmodule/Project/x86_64-apple-macos.swiftsourceinfo

Copy /Users/obedsayyad/teach-gate-macOS-app/macos/build/Debug/TeachGateVPN.swiftmodule/arm64-apple-macos.abi.json /Users/obedsayyad/teach-gate-macOS-app/macos/build/Teach\ Gate.build/Debug/TeachGateVPN.build/Objects-normal/arm64/TeachGateVPN.abi.json (in target 'TeachGateVPN' from project 'Teach Gate')
    cd /Users/obedsayyad/teach-gate-macOS-app/macos
    builtin-copy -exclude .DS_Store -exclude CVS -exclude .svn -exclude .git -exclude .hg -resolve-src-symlinks -rename /Users/obedsayyad/teach-gate-macOS-app/macos/build/Teach\ Gate.build/Debug/TeachGateVPN.build/Objects-normal/arm64/TeachGateVPN.abi.json /Users/obedsayyad/teach-gate-macOS-app/macos/build/Debug/TeachGateVPN.swiftmodule/arm64-apple-macos.abi.json

Copy /Users/obedsayyad/teach-gate-macOS-app/macos/build/Debug/TeachGateVPN.swiftmodule/arm64-apple-macos.swiftmodule /Users/obedsayyad/teach-gate-macOS-app/macos/build/Teach\ Gate.build/Debug/TeachGateVPN.build/Objects-normal/arm64/TeachGateVPN.swiftmodule (in target 'TeachGateVPN' from project 'Teach Gate')
    cd /Users/obedsayyad/teach-gate-macOS-app/macos
    builtin-copy -exclude .DS_Store -exclude CVS -exclude .svn -exclude .git -exclude .hg -resolve-src-symlinks -rename /Users/obedsayyad/teach-gate-macOS-app/macos/build/Teach\ Gate.build/Debug/TeachGateVPN.build/Objects-normal/arm64/TeachGateVPN.swiftmodule /Users/obedsayyad/teach-gate-macOS-app/macos/build/Debug/TeachGateVPN.swiftmodule/arm64-apple-macos.swiftmodule

CreateUniversalBinary /Users/obedsayyad/teach-gate-macOS-app/macos/build/Debug/TeachGateVPN.appex/Contents/MacOS/TeachGateVPN normal arm64\ x86_64 (in target 'TeachGateVPN' from project 'Teach Gate')
    cd /Users/obedsayyad/teach-gate-macOS-app/macos
    /Applications/Xcode.app/Contents/Developer/Toolchains/XcodeDefault.xctoolchain/usr/bin/lipo -create /Users/obedsayyad/teach-gate-macOS-app/macos/build/Teach\ Gate.build/Debug/TeachGateVPN.build/Objects-normal/arm64/Binary/TeachGateVPN /Users/obedsayyad/teach-gate-macOS-app/macos/build/Teach\ Gate.build/Debug/TeachGateVPN.build/Objects-normal/x86_64/Binary/TeachGateVPN -output /Users/obedsayyad/teach-gate-macOS-app/macos/build/Debug/TeachGateVPN.appex/Contents/MacOS/TeachGateVPN

ExtractAppIntentsMetadata (in target 'TeachGateVPN' from project 'Teach Gate')
    cd /Users/obedsayyad/teach-gate-macOS-app/macos
    /Applications/Xcode.app/Contents/Developer/Toolchains/XcodeDefault.xctoolchain/usr/bin/appintentsmetadataprocessor --toolchain-dir /Applications/Xcode.app/Contents/Developer/Toolchains/XcodeDefault.xctoolchain --module-name TeachGateVPN --sdk-root /Applications/Xcode.app/Contents/Developer/Platforms/MacOSX.platform/Developer/SDKs/MacOSX15.5.sdk --xcode-version 16F6 --platform-family macOS --deployment-target 15.0 --bundle-identifier com.teachgatedesk.develentcorp.TeachGateVPN --output /Users/obedsayyad/teach-gate-macOS-app/macos/build/Debug/TeachGateVPN.appex/Contents/Resources --target-triple arm64-apple-macos15.0 --target-triple x86_64-apple-macos15.0 --binary-file /Users/obedsayyad/teach-gate-macOS-app/macos/build/Debug/TeachGateVPN.appex/Contents/MacOS/TeachGateVPN --dependency-file /Users/obedsayyad/teach-gate-macOS-app/macos/build/Teach\ Gate.build/Debug/TeachGateVPN.build/Objects-normal/arm64/TeachGateVPN_dependency_info.dat --dependency-file /Users/obedsayyad/teach-gate-macOS-app/macos/build/Teach\ Gate.build/Debug/TeachGateVPN.build/Objects-normal/x86_64/TeachGateVPN_dependency_info.dat --stringsdata-file /Users/obedsayyad/teach-gate-macOS-app/macos/build/Teach\ Gate.build/Debug/TeachGateVPN.build/Objects-normal/arm64/ExtractedAppShortcutsMetadata.stringsdata --stringsdata-file /Users/obedsayyad/teach-gate-macOS-app/macos/build/Teach\ Gate.build/Debug/TeachGateVPN.build/Objects-normal/x86_64/ExtractedAppShortcutsMetadata.stringsdata --source-file-list /Users/obedsayyad/teach-gate-macOS-app/macos/build/Teach\ Gate.build/Debug/TeachGateVPN.build/Objects-normal/arm64/TeachGateVPN.SwiftFileList --source-file-list /Users/obedsayyad/teach-gate-macOS-app/macos/build/Teach\ Gate.build/Debug/TeachGateVPN.build/Objects-normal/x86_64/TeachGateVPN.SwiftFileList --metadata-file-list /Users/obedsayyad/teach-gate-macOS-app/macos/build/Teach\ Gate.build/Debug/TeachGateVPN.build/TeachGateVPN.DependencyMetadataFileList --static-metadata-file-list /Users/obedsayyad/teach-gate-macOS-app/macos/build/Teach\ Gate.build/Debug/TeachGateVPN.build/TeachGateVPN.DependencyStaticMetadataFileList --swift-const-vals-list /Users/obedsayyad/teach-gate-macOS-app/macos/build/Teach\ Gate.build/Debug/TeachGateVPN.build/Objects-normal/arm64/TeachGateVPN.SwiftConstValuesFileList --swift-const-vals-list /Users/obedsayyad/teach-gate-macOS-app/macos/build/Teach\ Gate.build/Debug/TeachGateVPN.build/Objects-normal/x86_64/TeachGateVPN.SwiftConstValuesFileList --compile-time-extraction --deployment-aware-processing --validate-assistant-intents --no-app-shortcuts-localization
2025-08-26 09:36:43.489 appintentsmetadataprocessor[10469:3756810] Starting appintentsmetadataprocessor export
2025-08-26 09:36:43.491 appintentsmetadataprocessor[10469:3756810] warning: Metadata extraction skipped. No AppIntents.framework dependency found.

CodeSign /Users/obedsayyad/teach-gate-macOS-app/macos/build/Debug/TeachGateVPN.appex (in target 'TeachGateVPN' from project 'Teach Gate')
    cd /Users/obedsayyad/teach-gate-macOS-app/macos
    
    Signing Identity:     "Apple Development: Obed Sayyad (L68KR9DKYL)"
    Provisioning Profile: "Mac Team Provisioning Profile: com.teachgatedesk.develentcorp.TeachGateVPN"
                          (430cd8ee-43a6-49d5-8b50-f0d8ccdaa24d)
    
    /usr/bin/codesign --force --sign 4628374751363885AE08EEF47AA13EAE9FAA6F14 -o runtime --entitlements /Users/obedsayyad/teach-gate-macOS-app/macos/build/Teach\ Gate.build/Debug/TeachGateVPN.build/TeachGateVPN.appex.xcent --timestamp\=none --generate-entitlement-der /Users/obedsayyad/teach-gate-macOS-app/macos/build/Debug/TeachGateVPN.appex

RegisterExecutionPolicyException /Users/obedsayyad/teach-gate-macOS-app/macos/build/Debug/TeachGateVPN.appex (in target 'TeachGateVPN' from project 'Teach Gate')
    cd /Users/obedsayyad/teach-gate-macOS-app/macos
    builtin-RegisterExecutionPolicyException /Users/obedsayyad/teach-gate-macOS-app/macos/build/Debug/TeachGateVPN.appex

Touch /Users/obedsayyad/teach-gate-macOS-app/macos/build/Debug/TeachGateVPN.appex (in target 'TeachGateVPN' from project 'Teach Gate')
    cd /Users/obedsayyad/teach-gate-macOS-app/macos
    /usr/bin/touch -c /Users/obedsayyad/teach-gate-macOS-app/macos/build/Debug/TeachGateVPN.appex

warning: ONLY_ACTIVE_ARCH=YES requested with multiple ARCHS and no active architecture could be computed; building for all applicable architectures (in target 'TeachGateVPN' from project 'Teach Gate')
warning: Skipping duplicate build file in Compile Sources build phase: /Users/obedsayyad/teach-gate-macOS-app/macos/TeachGateVPN/PacketTunnelProvider.m (in target 'TeachGateVPN' from project 'Teach Gate')
warning: Skipping duplicate build file in Compile Sources build phase: /Users/obedsayyad/teach-gate-macOS-app/macos/TeachGateVPN/PacketTunnelProvider.m (in target 'TeachGateVPN' from project 'Teach Gate')
** BUILD SUCCEEDED **

