Command line invocation:
    /Applications/Xcode.app/Contents/Developer/usr/bin/xcodebuild -project "macos/Teach Gate.xcodeproj" -target "Teach Gate-macOS" -configuration Debug clean build -allowProvisioningUpdates

ComputePackagePrebuildTargetDependencyGraph

CreateBuildRequest

SendProjectDescription

CreateBuildOperation

error: Could not delete `/Users/obedsayyad/teach-gate-macOS-app/macos/build` because it was not created by the build system.
    note: To mark this directory as deletable by the build system, run `xattr -w com.apple.xcode.CreatedByBuildSystem true /Users/obedsayyad/teach-gate-macOS-app/macos/build` when it is created.
ComputePackagePrebuildTargetDependencyGraph

Prepare packages

CreateBuildRequest

SendProjectDescription

CreateBuildOperation

ComputeTargetDependencyGraph
warning: Building targets in manual order is deprecated - check "Parallelize build for command-line builds" in the project editor, or set DISABLE_MANUAL_TARGET_ORDER_BUILD_WARNING in any of the targets in the current build to suppress this warning
note: Target dependency graph (2 targets)
    Target 'Teach Gate-macOS' in project 'Teach Gate'
        ➜ Explicit dependency on target 'TeachGateVPN' in project 'Teach Gate'
    Target 'TeachGateVPN' in project 'Teach Gate' (no dependencies)

GatherProvisioningInputs

CreateBuildDescription

ExecuteExternalTool /Applications/Xcode.app/Contents/Developer/Toolchains/XcodeDefault.xctoolchain/usr/bin/clang -v -E -dM -arch arm64 -isysroot /Applications/Xcode.app/Contents/Developer/Platforms/MacOSX.platform/Developer/SDKs/MacOSX15.5.sdk -x objective-c -c /dev/null

ExecuteExternalTool /Applications/Xcode.app/Contents/Developer/usr/bin/ibtool --version --output-format xml1

ExecuteExternalTool /Applications/Xcode.app/Contents/Developer/Toolchains/XcodeDefault.xctoolchain/usr/bin/clang -v -E -dM -isysroot /Applications/Xcode.app/Contents/Developer/Platforms/MacOSX.platform/Developer/SDKs/MacOSX15.5.sdk -x c -c /dev/null

ExecuteExternalTool /Applications/Xcode.app/Contents/Developer/Toolchains/XcodeDefault.xctoolchain/usr/bin/clang -v -E -dM -arch arm64 -isysroot /Applications/Xcode.app/Contents/Developer/Platforms/MacOSX.platform/Developer/SDKs/MacOSX15.5.sdk -x objective-c++ -c /dev/null

ExecuteExternalTool /Applications/Xcode.app/Contents/Developer/Toolchains/XcodeDefault.xctoolchain/usr/bin/swiftc --version

ExecuteExternalTool /Applications/Xcode.app/Contents/Developer/usr/bin/actool --version --output-format xml1

ExecuteExternalTool /Applications/Xcode.app/Contents/Developer/Toolchains/XcodeDefault.xctoolchain/usr/bin/ld -version_details

ExecuteExternalTool /Applications/Xcode.app/Contents/Developer/Toolchains/XcodeDefault.xctoolchain/usr/bin/clang -v -E -dM -arch arm64 -isysroot /Applications/Xcode.app/Contents/Developer/Platforms/MacOSX.platform/Developer/SDKs/MacOSX15.5.sdk -x c -c /dev/null

ExecuteExternalTool /Applications/Xcode.app/Contents/Developer/Toolchains/XcodeDefault.xctoolchain/usr/bin/clang -v -E -dM -arch x86_64 -isysroot /Applications/Xcode.app/Contents/Developer/Platforms/MacOSX.platform/Developer/SDKs/MacOSX15.5.sdk -x objective-c -c /dev/null

ExecuteExternalTool /Applications/Xcode.app/Contents/Developer/Toolchains/XcodeDefault.xctoolchain/usr/bin/clang -v -E -dM -arch x86_64 -isysroot /Applications/Xcode.app/Contents/Developer/Platforms/MacOSX.platform/Developer/SDKs/MacOSX15.5.sdk -x c -c /dev/null

ExecuteExternalTool /Applications/Xcode.app/Contents/Developer/Toolchains/XcodeDefault.xctoolchain/usr/bin/clang -v -E -dM -arch x86_64 -isysroot /Applications/Xcode.app/Contents/Developer/Platforms/MacOSX.platform/Developer/SDKs/MacOSX15.5.sdk -x objective-c++ -c /dev/null

Build description signature: 228ad88e66b20c04c11cbdbc8fcc8ea7
Build description path: /Users/obedsayyad/teach-gate-macOS-app/macos/build/XCBuildData/228ad88e66b20c04c11cbdbc8fcc8ea7.xcbuilddata
CreateBuildDirectory /Users/obedsayyad/teach-gate-macOS-app/macos/build/EagerLinkingTBDs/Debug
    cd /Users/obedsayyad/teach-gate-macOS-app/macos/Teach\ Gate.xcodeproj
    builtin-create-build-directory /Users/obedsayyad/teach-gate-macOS-app/macos/build/EagerLinkingTBDs/Debug

CreateBuildDirectory /Users/obedsayyad/teach-gate-macOS-app/macos/build/Debug
    cd /Users/obedsayyad/teach-gate-macOS-app/macos/Teach\ Gate.xcodeproj
    builtin-create-build-directory /Users/obedsayyad/teach-gate-macOS-app/macos/build/Debug

ClangStatCache /Applications/Xcode.app/Contents/Developer/Toolchains/XcodeDefault.xctoolchain/usr/bin/clang-stat-cache /Applications/Xcode.app/Contents/Developer/Platforms/MacOSX.platform/Developer/SDKs/MacOSX15.5.sdk /var/folders/lg/8zjgbnq53mg76bgrmj7fyk6r0000gn/C/com.apple.DeveloperTools/16.4-16F6/Xcode/SDKStatCaches.noindex/macosx15.5-24F74-8254517eb8b97d462ccbc072ba9094c9.sdkstatcache
    cd /Users/obedsayyad/teach-gate-macOS-app/macos/Teach\ Gate.xcodeproj
    /Applications/Xcode.app/Contents/Developer/Toolchains/XcodeDefault.xctoolchain/usr/bin/clang-stat-cache /Applications/Xcode.app/Contents/Developer/Platforms/MacOSX.platform/Developer/SDKs/MacOSX15.5.sdk -o /var/folders/lg/8zjgbnq53mg76bgrmj7fyk6r0000gn/C/com.apple.DeveloperTools/16.4-16F6/Xcode/SDKStatCaches.noindex/macosx15.5-24F74-8254517eb8b97d462ccbc072ba9094c9.sdkstatcache

ProcessXCFramework /Users/obedsayyad/teach-gate-macOS-app/packages/react-native-outline-vpn/Frameworks/macos/Tun2socks.xcframework /Users/obedsayyad/teach-gate-macOS-app/macos/build/Debug/Tun2socks.framework macos
    cd /Users/obedsayyad/teach-gate-macOS-app/macos/Teach\ Gate.xcodeproj
    builtin-process-xcframework --xcframework /Users/obedsayyad/teach-gate-macOS-app/packages/react-native-outline-vpn/Frameworks/macos/Tun2socks.xcframework --platform macos --target-path /Users/obedsayyad/teach-gate-macOS-app/macos/build/Debug

MkDir /Users/obedsayyad/teach-gate-macOS-app/macos/build/Debug/TeachGateVPN.appex (in target 'TeachGateVPN' from project 'Teach Gate')
    cd /Users/obedsayyad/teach-gate-macOS-app/macos
    /bin/mkdir -p /Users/obedsayyad/teach-gate-macOS-app/macos/build/Debug/TeachGateVPN.appex

MkDir /Users/obedsayyad/teach-gate-macOS-app/macos/build/Debug/TeachGateVPN.appex/Contents (in target 'TeachGateVPN' from project 'Teach Gate')
    cd /Users/obedsayyad/teach-gate-macOS-app/macos
    /bin/mkdir -p /Users/obedsayyad/teach-gate-macOS-app/macos/build/Debug/TeachGateVPN.appex/Contents

MkDir /Users/obedsayyad/teach-gate-macOS-app/macos/build/Debug/TeachGateVPN.appex/Contents/MacOS (in target 'TeachGateVPN' from project 'Teach Gate')
    cd /Users/obedsayyad/teach-gate-macOS-app/macos
    /bin/mkdir -p /Users/obedsayyad/teach-gate-macOS-app/macos/build/Debug/TeachGateVPN.appex/Contents/MacOS

ProcessProductPackaging /Users/obedsayyad/Library/Developer/Xcode/UserData/Provisioning\ Profiles/430cd8ee-43a6-49d5-8b50-f0d8ccdaa24d.provisionprofile /Users/obedsayyad/teach-gate-macOS-app/macos/build/Debug/TeachGateVPN.appex/Contents/embedded.provisionprofile (in target 'TeachGateVPN' from project 'Teach Gate')
    cd /Users/obedsayyad/teach-gate-macOS-app/macos
    builtin-productPackagingUtility /Users/obedsayyad/Library/Developer/Xcode/UserData/Provisioning\ Profiles/430cd8ee-43a6-49d5-8b50-f0d8ccdaa24d.provisionprofile -o /Users/obedsayyad/teach-gate-macOS-app/macos/build/Debug/TeachGateVPN.appex/Contents/embedded.provisionprofile

ProcessInfoPlistFile /Users/obedsayyad/teach-gate-macOS-app/macos/build/Debug/TeachGateVPN.appex/Contents/Info.plist /Users/obedsayyad/teach-gate-macOS-app/macos/TeachGateVPN/Info.plist (in target 'TeachGateVPN' from project 'Teach Gate')
    cd /Users/obedsayyad/teach-gate-macOS-app/macos
    builtin-infoPlistUtility /Users/obedsayyad/teach-gate-macOS-app/macos/TeachGateVPN/Info.plist -producttype com.apple.product-type.app-extension -expandbuildsettings -platform macosx -o /Users/obedsayyad/teach-gate-macOS-app/macos/build/Debug/TeachGateVPN.appex/Contents/Info.plist

Ld /Users/obedsayyad/teach-gate-macOS-app/macos/build/Teach\ Gate.build/Debug/TeachGateVPN.build/Objects-normal/x86_64/Binary/TeachGateVPN normal x86_64 (in target 'TeachGateVPN' from project 'Teach Gate')
    cd /Users/obedsayyad/teach-gate-macOS-app/macos
    /Applications/Xcode.app/Contents/Developer/Toolchains/XcodeDefault.xctoolchain/usr/bin/clang -Xlinker -reproducible -target x86_64-apple-macos15.0 -bundle -isysroot /Applications/Xcode.app/Contents/Developer/Platforms/MacOSX.platform/Developer/SDKs/MacOSX15.5.sdk -O0 -L/Users/obedsayyad/teach-gate-macOS-app/macos/build/EagerLinkingTBDs/Debug -L/Users/obedsayyad/teach-gate-macOS-app/macos/build/Debug -L/Applications/Xcode.app/Contents/Developer/Platforms/MacOSX.platform/Developer/SDKs/MacOSX15.5.sdk/usr/lib/swift -L/Applications/Xcode.app/Contents/Developer/Toolchains/XcodeDefault.xctoolchain/usr/lib/swift/macosx -F/Users/obedsayyad/teach-gate-macOS-app/macos/build/EagerLinkingTBDs/Debug -F/Users/obedsayyad/teach-gate-macOS-app/macos/build/Debug -filelist /Users/obedsayyad/teach-gate-macOS-app/macos/build/Teach\ Gate.build/Debug/TeachGateVPN.build/Objects-normal/x86_64/TeachGateVPN.LinkFileList -Xlinker -rpath -Xlinker /usr/lib/swift -Xlinker -rpath -Xlinker @executable_path/../Frameworks -Xlinker -rpath -Xlinker @executable_path/../../../../Frameworks -Xlinker -object_path_lto -Xlinker /Users/obedsayyad/teach-gate-macOS-app/macos/build/Teach\ Gate.build/Debug/TeachGateVPN.build/Objects-normal/x86_64/TeachGateVPN_lto.o -rdynamic -Xlinker -no_deduplicate -Xlinker -dependency_info -Xlinker /Users/obedsayyad/teach-gate-macOS-app/macos/build/Teach\ Gate.build/Debug/TeachGateVPN.build/Objects-normal/x86_64/TeachGateVPN_dependency_info.dat -fobjc-arc -fobjc-link-runtime -fapplication-extension -L/Applications/Xcode.app/Contents/Developer/Toolchains/XcodeDefault.xctoolchain/usr/lib/swift/macosx -L/usr/lib/swift -Xlinker -add_ast_path -Xlinker /Users/obedsayyad/teach-gate-macOS-app/macos/build/Teach\ Gate.build/Debug/TeachGateVPN.build/Objects-normal/x86_64/TeachGateVPN.swiftmodule -ObjC -framework NetworkExtension -framework Tun2socks -Xlinker -no_adhoc_codesign -o /Users/obedsayyad/teach-gate-macOS-app/macos/build/Teach\ Gate.build/Debug/TeachGateVPN.build/Objects-normal/x86_64/Binary/TeachGateVPN

Ld /Users/obedsayyad/teach-gate-macOS-app/macos/build/Teach\ Gate.build/Debug/TeachGateVPN.build/Objects-normal/arm64/Binary/TeachGateVPN normal arm64 (in target 'TeachGateVPN' from project 'Teach Gate')
    cd /Users/obedsayyad/teach-gate-macOS-app/macos
    /Applications/Xcode.app/Contents/Developer/Toolchains/XcodeDefault.xctoolchain/usr/bin/clang -Xlinker -reproducible -target arm64-apple-macos15.0 -bundle -isysroot /Applications/Xcode.app/Contents/Developer/Platforms/MacOSX.platform/Developer/SDKs/MacOSX15.5.sdk -O0 -L/Users/obedsayyad/teach-gate-macOS-app/macos/build/EagerLinkingTBDs/Debug -L/Users/obedsayyad/teach-gate-macOS-app/macos/build/Debug -L/Applications/Xcode.app/Contents/Developer/Platforms/MacOSX.platform/Developer/SDKs/MacOSX15.5.sdk/usr/lib/swift -L/Applications/Xcode.app/Contents/Developer/Toolchains/XcodeDefault.xctoolchain/usr/lib/swift/macosx -F/Users/obedsayyad/teach-gate-macOS-app/macos/build/EagerLinkingTBDs/Debug -F/Users/obedsayyad/teach-gate-macOS-app/macos/build/Debug -filelist /Users/obedsayyad/teach-gate-macOS-app/macos/build/Teach\ Gate.build/Debug/TeachGateVPN.build/Objects-normal/arm64/TeachGateVPN.LinkFileList -Xlinker -rpath -Xlinker /usr/lib/swift -Xlinker -rpath -Xlinker @executable_path/../Frameworks -Xlinker -rpath -Xlinker @executable_path/../../../../Frameworks -Xlinker -object_path_lto -Xlinker /Users/obedsayyad/teach-gate-macOS-app/macos/build/Teach\ Gate.build/Debug/TeachGateVPN.build/Objects-normal/arm64/TeachGateVPN_lto.o -rdynamic -Xlinker -no_deduplicate -Xlinker -dependency_info -Xlinker /Users/obedsayyad/teach-gate-macOS-app/macos/build/Teach\ Gate.build/Debug/TeachGateVPN.build/Objects-normal/arm64/TeachGateVPN_dependency_info.dat -fobjc-arc -fobjc-link-runtime -fapplication-extension -L/Applications/Xcode.app/Contents/Developer/Toolchains/XcodeDefault.xctoolchain/usr/lib/swift/macosx -L/usr/lib/swift -Xlinker -add_ast_path -Xlinker /Users/obedsayyad/teach-gate-macOS-app/macos/build/Teach\ Gate.build/Debug/TeachGateVPN.build/Objects-normal/arm64/TeachGateVPN.swiftmodule -ObjC -framework NetworkExtension -framework Tun2socks -Xlinker -no_adhoc_codesign -o /Users/obedsayyad/teach-gate-macOS-app/macos/build/Teach\ Gate.build/Debug/TeachGateVPN.build/Objects-normal/arm64/Binary/TeachGateVPN

Copy /Users/obedsayyad/teach-gate-macOS-app/macos/build/Debug/TeachGateVPN.swiftmodule/Project/arm64-apple-macos.swiftsourceinfo /Users/obedsayyad/teach-gate-macOS-app/macos/build/Teach\ Gate.build/Debug/TeachGateVPN.build/Objects-normal/arm64/TeachGateVPN.swiftsourceinfo (in target 'TeachGateVPN' from project 'Teach Gate')
    cd /Users/obedsayyad/teach-gate-macOS-app/macos
    builtin-copy -exclude .DS_Store -exclude CVS -exclude .svn -exclude .git -exclude .hg -resolve-src-symlinks -rename /Users/obedsayyad/teach-gate-macOS-app/macos/build/Teach\ Gate.build/Debug/TeachGateVPN.build/Objects-normal/arm64/TeachGateVPN.swiftsourceinfo /Users/obedsayyad/teach-gate-macOS-app/macos/build/Debug/TeachGateVPN.swiftmodule/Project/arm64-apple-macos.swiftsourceinfo

Copy /Users/obedsayyad/teach-gate-macOS-app/macos/build/Debug/TeachGateVPN.swiftmodule/x86_64-apple-macos.swiftmodule /Users/obedsayyad/teach-gate-macOS-app/macos/build/Teach\ Gate.build/Debug/TeachGateVPN.build/Objects-normal/x86_64/TeachGateVPN.swiftmodule (in target 'TeachGateVPN' from project 'Teach Gate')
    cd /Users/obedsayyad/teach-gate-macOS-app/macos
    builtin-copy -exclude .DS_Store -exclude CVS -exclude .svn -exclude .git -exclude .hg -resolve-src-symlinks -rename /Users/obedsayyad/teach-gate-macOS-app/macos/build/Teach\ Gate.build/Debug/TeachGateVPN.build/Objects-normal/x86_64/TeachGateVPN.swiftmodule /Users/obedsayyad/teach-gate-macOS-app/macos/build/Debug/TeachGateVPN.swiftmodule/x86_64-apple-macos.swiftmodule

Copy /Users/obedsayyad/teach-gate-macOS-app/macos/build/Debug/TeachGateVPN.swiftmodule/x86_64-apple-macos.swiftdoc /Users/obedsayyad/teach-gate-macOS-app/macos/build/Teach\ Gate.build/Debug/TeachGateVPN.build/Objects-normal/x86_64/TeachGateVPN.swiftdoc (in target 'TeachGateVPN' from project 'Teach Gate')
    cd /Users/obedsayyad/teach-gate-macOS-app/macos
    builtin-copy -exclude .DS_Store -exclude CVS -exclude .svn -exclude .git -exclude .hg -resolve-src-symlinks -rename /Users/obedsayyad/teach-gate-macOS-app/macos/build/Teach\ Gate.build/Debug/TeachGateVPN.build/Objects-normal/x86_64/TeachGateVPN.swiftdoc /Users/obedsayyad/teach-gate-macOS-app/macos/build/Debug/TeachGateVPN.swiftmodule/x86_64-apple-macos.swiftdoc

Copy /Users/obedsayyad/teach-gate-macOS-app/macos/build/Debug/TeachGateVPN.swiftmodule/x86_64-apple-macos.abi.json /Users/obedsayyad/teach-gate-macOS-app/macos/build/Teach\ Gate.build/Debug/TeachGateVPN.build/Objects-normal/x86_64/TeachGateVPN.abi.json (in target 'TeachGateVPN' from project 'Teach Gate')
    cd /Users/obedsayyad/teach-gate-macOS-app/macos
    builtin-copy -exclude .DS_Store -exclude CVS -exclude .svn -exclude .git -exclude .hg -resolve-src-symlinks -rename /Users/obedsayyad/teach-gate-macOS-app/macos/build/Teach\ Gate.build/Debug/TeachGateVPN.build/Objects-normal/x86_64/TeachGateVPN.abi.json /Users/obedsayyad/teach-gate-macOS-app/macos/build/Debug/TeachGateVPN.swiftmodule/x86_64-apple-macos.abi.json

Copy /Users/obedsayyad/teach-gate-macOS-app/macos/build/Debug/TeachGateVPN.swiftmodule/arm64-apple-macos.swiftmodule /Users/obedsayyad/teach-gate-macOS-app/macos/build/Teach\ Gate.build/Debug/TeachGateVPN.build/Objects-normal/arm64/TeachGateVPN.swiftmodule (in target 'TeachGateVPN' from project 'Teach Gate')
    cd /Users/obedsayyad/teach-gate-macOS-app/macos
    builtin-copy -exclude .DS_Store -exclude CVS -exclude .svn -exclude .git -exclude .hg -resolve-src-symlinks -rename /Users/obedsayyad/teach-gate-macOS-app/macos/build/Teach\ Gate.build/Debug/TeachGateVPN.build/Objects-normal/arm64/TeachGateVPN.swiftmodule /Users/obedsayyad/teach-gate-macOS-app/macos/build/Debug/TeachGateVPN.swiftmodule/arm64-apple-macos.swiftmodule

Copy /Users/obedsayyad/teach-gate-macOS-app/macos/build/Debug/TeachGateVPN.swiftmodule/arm64-apple-macos.swiftdoc /Users/obedsayyad/teach-gate-macOS-app/macos/build/Teach\ Gate.build/Debug/TeachGateVPN.build/Objects-normal/arm64/TeachGateVPN.swiftdoc (in target 'TeachGateVPN' from project 'Teach Gate')
    cd /Users/obedsayyad/teach-gate-macOS-app/macos
    builtin-copy -exclude .DS_Store -exclude CVS -exclude .svn -exclude .git -exclude .hg -resolve-src-symlinks -rename /Users/obedsayyad/teach-gate-macOS-app/macos/build/Teach\ Gate.build/Debug/TeachGateVPN.build/Objects-normal/arm64/TeachGateVPN.swiftdoc /Users/obedsayyad/teach-gate-macOS-app/macos/build/Debug/TeachGateVPN.swiftmodule/arm64-apple-macos.swiftdoc

Copy /Users/obedsayyad/teach-gate-macOS-app/macos/build/Debug/TeachGateVPN.swiftmodule/arm64-apple-macos.abi.json /Users/obedsayyad/teach-gate-macOS-app/macos/build/Teach\ Gate.build/Debug/TeachGateVPN.build/Objects-normal/arm64/TeachGateVPN.abi.json (in target 'TeachGateVPN' from project 'Teach Gate')
    cd /Users/obedsayyad/teach-gate-macOS-app/macos
    builtin-copy -exclude .DS_Store -exclude CVS -exclude .svn -exclude .git -exclude .hg -resolve-src-symlinks -rename /Users/obedsayyad/teach-gate-macOS-app/macos/build/Teach\ Gate.build/Debug/TeachGateVPN.build/Objects-normal/arm64/TeachGateVPN.abi.json /Users/obedsayyad/teach-gate-macOS-app/macos/build/Debug/TeachGateVPN.swiftmodule/arm64-apple-macos.abi.json

Copy /Users/obedsayyad/teach-gate-macOS-app/macos/build/Debug/TeachGateVPN.swiftmodule/Project/x86_64-apple-macos.swiftsourceinfo /Users/obedsayyad/teach-gate-macOS-app/macos/build/Teach\ Gate.build/Debug/TeachGateVPN.build/Objects-normal/x86_64/TeachGateVPN.swiftsourceinfo (in target 'TeachGateVPN' from project 'Teach Gate')
    cd /Users/obedsayyad/teach-gate-macOS-app/macos
    builtin-copy -exclude .DS_Store -exclude CVS -exclude .svn -exclude .git -exclude .hg -resolve-src-symlinks -rename /Users/obedsayyad/teach-gate-macOS-app/macos/build/Teach\ Gate.build/Debug/TeachGateVPN.build/Objects-normal/x86_64/TeachGateVPN.swiftsourceinfo /Users/obedsayyad/teach-gate-macOS-app/macos/build/Debug/TeachGateVPN.swiftmodule/Project/x86_64-apple-macos.swiftsourceinfo

CreateUniversalBinary /Users/obedsayyad/teach-gate-macOS-app/macos/build/Debug/TeachGateVPN.appex/Contents/MacOS/TeachGateVPN normal arm64\ x86_64 (in target 'TeachGateVPN' from project 'Teach Gate')
    cd /Users/obedsayyad/teach-gate-macOS-app/macos
    /Applications/Xcode.app/Contents/Developer/Toolchains/XcodeDefault.xctoolchain/usr/bin/lipo -create /Users/obedsayyad/teach-gate-macOS-app/macos/build/Teach\ Gate.build/Debug/TeachGateVPN.build/Objects-normal/arm64/Binary/TeachGateVPN /Users/obedsayyad/teach-gate-macOS-app/macos/build/Teach\ Gate.build/Debug/TeachGateVPN.build/Objects-normal/x86_64/Binary/TeachGateVPN -output /Users/obedsayyad/teach-gate-macOS-app/macos/build/Debug/TeachGateVPN.appex/Contents/MacOS/TeachGateVPN

ExtractAppIntentsMetadata (in target 'TeachGateVPN' from project 'Teach Gate')
    cd /Users/obedsayyad/teach-gate-macOS-app/macos
    /Applications/Xcode.app/Contents/Developer/Toolchains/XcodeDefault.xctoolchain/usr/bin/appintentsmetadataprocessor --toolchain-dir /Applications/Xcode.app/Contents/Developer/Toolchains/XcodeDefault.xctoolchain --module-name TeachGateVPN --sdk-root /Applications/Xcode.app/Contents/Developer/Platforms/MacOSX.platform/Developer/SDKs/MacOSX15.5.sdk --xcode-version 16F6 --platform-family macOS --deployment-target 15.0 --bundle-identifier com.teachgatedesk.develentcorp.TeachGateVPN --output /Users/obedsayyad/teach-gate-macOS-app/macos/build/Debug/TeachGateVPN.appex/Contents/Resources --target-triple arm64-apple-macos15.0 --target-triple x86_64-apple-macos15.0 --binary-file /Users/obedsayyad/teach-gate-macOS-app/macos/build/Debug/TeachGateVPN.appex/Contents/MacOS/TeachGateVPN --dependency-file /Users/obedsayyad/teach-gate-macOS-app/macos/build/Teach\ Gate.build/Debug/TeachGateVPN.build/Objects-normal/arm64/TeachGateVPN_dependency_info.dat --dependency-file /Users/obedsayyad/teach-gate-macOS-app/macos/build/Teach\ Gate.build/Debug/TeachGateVPN.build/Objects-normal/x86_64/TeachGateVPN_dependency_info.dat --stringsdata-file /Users/obedsayyad/teach-gate-macOS-app/macos/build/Teach\ Gate.build/Debug/TeachGateVPN.build/Objects-normal/arm64/ExtractedAppShortcutsMetadata.stringsdata --stringsdata-file /Users/obedsayyad/teach-gate-macOS-app/macos/build/Teach\ Gate.build/Debug/TeachGateVPN.build/Objects-normal/x86_64/ExtractedAppShortcutsMetadata.stringsdata --source-file-list /Users/obedsayyad/teach-gate-macOS-app/macos/build/Teach\ Gate.build/Debug/TeachGateVPN.build/Objects-normal/arm64/TeachGateVPN.SwiftFileList --source-file-list /Users/obedsayyad/teach-gate-macOS-app/macos/build/Teach\ Gate.build/Debug/TeachGateVPN.build/Objects-normal/x86_64/TeachGateVPN.SwiftFileList --metadata-file-list /Users/obedsayyad/teach-gate-macOS-app/macos/build/Teach\ Gate.build/Debug/TeachGateVPN.build/TeachGateVPN.DependencyMetadataFileList --static-metadata-file-list /Users/obedsayyad/teach-gate-macOS-app/macos/build/Teach\ Gate.build/Debug/TeachGateVPN.build/TeachGateVPN.DependencyStaticMetadataFileList --swift-const-vals-list /Users/obedsayyad/teach-gate-macOS-app/macos/build/Teach\ Gate.build/Debug/TeachGateVPN.build/Objects-normal/arm64/TeachGateVPN.SwiftConstValuesFileList --swift-const-vals-list /Users/obedsayyad/teach-gate-macOS-app/macos/build/Teach\ Gate.build/Debug/TeachGateVPN.build/Objects-normal/x86_64/TeachGateVPN.SwiftConstValuesFileList --compile-time-extraction --deployment-aware-processing --validate-assistant-intents --no-app-shortcuts-localization
2025-08-26 09:47:23.512 appintentsmetadataprocessor[21846:3788206] Starting appintentsmetadataprocessor export
2025-08-26 09:47:23.514 appintentsmetadataprocessor[21846:3788206] warning: Metadata extraction skipped. No AppIntents.framework dependency found.

CodeSign /Users/obedsayyad/teach-gate-macOS-app/macos/build/Debug/TeachGateVPN.appex (in target 'TeachGateVPN' from project 'Teach Gate')
    cd /Users/obedsayyad/teach-gate-macOS-app/macos
    
    Signing Identity:     "Apple Development: Obed Sayyad (L68KR9DKYL)"
    Provisioning Profile: "Mac Team Provisioning Profile: com.teachgatedesk.develentcorp.TeachGateVPN"
                          (430cd8ee-43a6-49d5-8b50-f0d8ccdaa24d)
    
    /usr/bin/codesign --force --sign 4628374751363885AE08EEF47AA13EAE9FAA6F14 -o runtime --entitlements /Users/obedsayyad/teach-gate-macOS-app/macos/build/Teach\ Gate.build/Debug/TeachGateVPN.build/TeachGateVPN.appex.xcent --timestamp\=none --generate-entitlement-der /Users/obedsayyad/teach-gate-macOS-app/macos/build/Debug/TeachGateVPN.appex

RegisterExecutionPolicyException /Users/obedsayyad/teach-gate-macOS-app/macos/build/Debug/TeachGateVPN.appex (in target 'TeachGateVPN' from project 'Teach Gate')
    cd /Users/obedsayyad/teach-gate-macOS-app/macos
    builtin-RegisterExecutionPolicyException /Users/obedsayyad/teach-gate-macOS-app/macos/build/Debug/TeachGateVPN.appex

Touch /Users/obedsayyad/teach-gate-macOS-app/macos/build/Debug/TeachGateVPN.appex (in target 'TeachGateVPN' from project 'Teach Gate')
    cd /Users/obedsayyad/teach-gate-macOS-app/macos
    /usr/bin/touch -c /Users/obedsayyad/teach-gate-macOS-app/macos/build/Debug/TeachGateVPN.appex

warning: ONLY_ACTIVE_ARCH=YES requested with multiple ARCHS and no active architecture could be computed; building for all applicable architectures (in target 'Teach Gate-macOS' from project 'Teach Gate')
warning: Run script build phase 'Bundle React Native code and images' will be run during every build because it does not specify any outputs. To address this issue, either add output dependencies to the script phase, or configure it to run in every build by unchecking "Based on dependency analysis" in the script phase. (in target 'Teach Gate-macOS' from project 'Teach Gate')
MkDir /Users/obedsayyad/teach-gate-macOS-app/macos/build/Debug/Teach\ Gate.app/Contents (in target 'Teach Gate-macOS' from project 'Teach Gate')
    cd /Users/obedsayyad/teach-gate-macOS-app/macos
    /bin/mkdir -p /Users/obedsayyad/teach-gate-macOS-app/macos/build/Debug/Teach\ Gate.app/Contents

MkDir /Users/obedsayyad/teach-gate-macOS-app/macos/build/Debug/Teach\ Gate.app/Contents/PlugIns (in target 'Teach Gate-macOS' from project 'Teach Gate')
    cd /Users/obedsayyad/teach-gate-macOS-app/macos
    /bin/mkdir -p /Users/obedsayyad/teach-gate-macOS-app/macos/build/Debug/Teach\ Gate.app/Contents/PlugIns

MkDir /Users/obedsayyad/teach-gate-macOS-app/macos/build/Debug/Teach\ Gate.app/Contents/Resources (in target 'Teach Gate-macOS' from project 'Teach Gate')
    cd /Users/obedsayyad/teach-gate-macOS-app/macos
    /bin/mkdir -p /Users/obedsayyad/teach-gate-macOS-app/macos/build/Debug/Teach\ Gate.app/Contents/Resources

MkDir /Users/obedsayyad/teach-gate-macOS-app/macos/build/Debug/Teach\ Gate.app/Contents/MacOS (in target 'Teach Gate-macOS' from project 'Teach Gate')
    cd /Users/obedsayyad/teach-gate-macOS-app/macos
    /bin/mkdir -p /Users/obedsayyad/teach-gate-macOS-app/macos/build/Debug/Teach\ Gate.app/Contents/MacOS

MkDir /Users/obedsayyad/teach-gate-macOS-app/macos/build/Debug/Teach\ Gate.app (in target 'Teach Gate-macOS' from project 'Teach Gate')
    cd /Users/obedsayyad/teach-gate-macOS-app/macos
    /bin/mkdir -p /Users/obedsayyad/teach-gate-macOS-app/macos/build/Debug/Teach\ Gate.app

ProcessProductPackaging /Users/obedsayyad/Library/Developer/Xcode/UserData/Provisioning\ Profiles/0f90fb2e-854a-4260-b478-ec489ee479f9.provisionprofile /Users/obedsayyad/teach-gate-macOS-app/macos/build/Debug/Teach\ Gate.app/Contents/embedded.provisionprofile (in target 'Teach Gate-macOS' from project 'Teach Gate')
    cd /Users/obedsayyad/teach-gate-macOS-app/macos
    builtin-productPackagingUtility /Users/obedsayyad/Library/Developer/Xcode/UserData/Provisioning\ Profiles/0f90fb2e-854a-4260-b478-ec489ee479f9.provisionprofile -o /Users/obedsayyad/teach-gate-macOS-app/macos/build/Debug/Teach\ Gate.app/Contents/embedded.provisionprofile

CompileC /Users/obedsayyad/teach-gate-macOS-app/macos/build/Teach\ Gate.build/Debug/Teach\ Gate-macOS.build/Objects-normal/x86_64/AppDelegate.o /Users/obedsayyad/teach-gate-macOS-app/macos/Teach\ Gate-macOS/AppDelegate.mm normal x86_64 objective-c++ com.apple.compilers.llvm.clang.1_0.compiler (in target 'Teach Gate-macOS' from project 'Teach Gate')
    cd /Users/obedsayyad/teach-gate-macOS-app/macos
    
    Using response file: /Users/obedsayyad/teach-gate-macOS-app/macos/build/Teach Gate.build/Debug/Teach Gate-macOS.build/Objects-normal/x86_64/af3fcb34312c57c0f52879cdce924b91-common-args.resp
    
    /Applications/Xcode.app/Contents/Developer/Toolchains/XcodeDefault.xctoolchain/usr/bin/clang -x objective-c++ -ivfsstatcache /var/folders/lg/8zjgbnq53mg76bgrmj7fyk6r0000gn/C/com.apple.DeveloperTools/16.4-16F6/Xcode/SDKStatCaches.noindex/macosx15.5-24F74-8254517eb8b97d462ccbc072ba9094c9.sdkstatcache -fmessage-length\=0 -fdiagnostics-show-note-include-stack -fmacro-backtrace-limit\=0 -fno-color-diagnostics -fmodules-prune-interval\=86400 -fmodules-prune-after\=345600 -fbuild-session-file\=/var/folders/lg/8zjgbnq53mg76bgrmj7fyk6r0000gn/C/org.llvm.clang/ModuleCache.noindex/Session.modulevalidation -fmodules-validate-once-per-build-session -Wnon-modular-include-in-framework-module -Werror\=non-modular-include-in-framework-module -Wno-trigraphs -Wno-missing-field-initializers -Wno-missing-prototypes -Werror\=return-type -Wunreachable-code -Wno-implicit-atomic-properties -Werror\=deprecated-objc-isa-usage -Wno-objc-interface-ivars -Werror\=objc-root-class -Wno-arc-repeated-use-of-weak -Wimplicit-retain-self -Wno-non-virtual-dtor -Wno-overloaded-virtual -Wno-exit-time-destructors -Wduplicate-method-match -Wno-missing-braces -Wparentheses -Wswitch -Wunused-function -Wno-unused-label -Wno-unused-parameter -Wunused-variable -Wunused-value -Wempty-body -Wuninitialized -Wconditional-uninitialized -Wno-unknown-pragmas -Wno-shadow -Wno-four-char-constants -Wno-conversion -Wconstant-conversion -Wint-conversion -Wbool-conversion -Wenum-conversion -Wno-float-conversion -Wnon-literal-null-conversion -Wobjc-literal-conversion -Wshorten-64-to-32 -Wno-newline-eof -Wno-selector -Wno-strict-selector-match -Wundeclared-selector -Wdeprecated-implementations -Wno-c++11-extensions -Wno-implicit-fallthrough -fstrict-aliasing -Wprotocol -Wdeprecated-declarations -Winvalid-offsetof -Wno-sign-conversion -Winfinite-recursion -Wmove -Wcomma -Wblock-capture-autoreleasing -Wstrict-prototypes -Wrange-loop-analysis -Wno-semicolon-before-method-body -Wno-comma -Wno-shorten-64-to-32 @/Users/obedsayyad/teach-gate-macOS-app/macos/build/Teach\ Gate.build/Debug/Teach\ Gate-macOS.build/Objects-normal/x86_64/af3fcb34312c57c0f52879cdce924b91-common-args.resp -MMD -MT dependencies -MF /Users/obedsayyad/teach-gate-macOS-app/macos/build/Teach\ Gate.build/Debug/Teach\ Gate-macOS.build/Objects-normal/x86_64/AppDelegate.d --serialize-diagnostics /Users/obedsayyad/teach-gate-macOS-app/macos/build/Teach\ Gate.build/Debug/Teach\ Gate-macOS.build/Objects-normal/x86_64/AppDelegate.dia -c /Users/obedsayyad/teach-gate-macOS-app/macos/Teach\ Gate-macOS/AppDelegate.mm -o /Users/obedsayyad/teach-gate-macOS-app/macos/build/Teach\ Gate.build/Debug/Teach\ Gate-macOS.build/Objects-normal/x86_64/AppDelegate.o

LinkStoryboards (in target 'Teach Gate-macOS' from project 'Teach Gate')
    cd /Users/obedsayyad/teach-gate-macOS-app/macos
    /Applications/Xcode.app/Contents/Developer/usr/bin/ibtool --errors --warnings --notices --module Teach_Gate --target-device mac --minimum-deployment-target 11.0 --output-format human-readable-text --link /Users/obedsayyad/teach-gate-macOS-app/macos/build/Debug/Teach\ Gate.app/Contents/Resources /Users/obedsayyad/teach-gate-macOS-app/macos/build/Teach\ Gate.build/Debug/Teach\ Gate-macOS.build/Base.lproj/Main.storyboardc

CompileC /Users/obedsayyad/teach-gate-macOS-app/macos/build/Teach\ Gate.build/Debug/Teach\ Gate-macOS.build/Objects-normal/arm64/AppDelegate.o /Users/obedsayyad/teach-gate-macOS-app/macos/Teach\ Gate-macOS/AppDelegate.mm normal arm64 objective-c++ com.apple.compilers.llvm.clang.1_0.compiler (in target 'Teach Gate-macOS' from project 'Teach Gate')
    cd /Users/obedsayyad/teach-gate-macOS-app/macos
    
    Using response file: /Users/obedsayyad/teach-gate-macOS-app/macos/build/Teach Gate.build/Debug/Teach Gate-macOS.build/Objects-normal/arm64/af3fcb34312c57c0f52879cdce924b91-common-args.resp
    
    /Applications/Xcode.app/Contents/Developer/Toolchains/XcodeDefault.xctoolchain/usr/bin/clang -x objective-c++ -ivfsstatcache /var/folders/lg/8zjgbnq53mg76bgrmj7fyk6r0000gn/C/com.apple.DeveloperTools/16.4-16F6/Xcode/SDKStatCaches.noindex/macosx15.5-24F74-8254517eb8b97d462ccbc072ba9094c9.sdkstatcache -fmessage-length\=0 -fdiagnostics-show-note-include-stack -fmacro-backtrace-limit\=0 -fno-color-diagnostics -fmodules-prune-interval\=86400 -fmodules-prune-after\=345600 -fbuild-session-file\=/var/folders/lg/8zjgbnq53mg76bgrmj7fyk6r0000gn/C/org.llvm.clang/ModuleCache.noindex/Session.modulevalidation -fmodules-validate-once-per-build-session -Wnon-modular-include-in-framework-module -Werror\=non-modular-include-in-framework-module -Wno-trigraphs -Wno-missing-field-initializers -Wno-missing-prototypes -Werror\=return-type -Wunreachable-code -Wno-implicit-atomic-properties -Werror\=deprecated-objc-isa-usage -Wno-objc-interface-ivars -Werror\=objc-root-class -Wno-arc-repeated-use-of-weak -Wimplicit-retain-self -Wno-non-virtual-dtor -Wno-overloaded-virtual -Wno-exit-time-destructors -Wduplicate-method-match -Wno-missing-braces -Wparentheses -Wswitch -Wunused-function -Wno-unused-label -Wno-unused-parameter -Wunused-variable -Wunused-value -Wempty-body -Wuninitialized -Wconditional-uninitialized -Wno-unknown-pragmas -Wno-shadow -Wno-four-char-constants -Wno-conversion -Wconstant-conversion -Wint-conversion -Wbool-conversion -Wenum-conversion -Wno-float-conversion -Wnon-literal-null-conversion -Wobjc-literal-conversion -Wshorten-64-to-32 -Wno-newline-eof -Wno-selector -Wno-strict-selector-match -Wundeclared-selector -Wdeprecated-implementations -Wno-c++11-extensions -Wno-implicit-fallthrough -fstrict-aliasing -Wprotocol -Wdeprecated-declarations -Winvalid-offsetof -Wno-sign-conversion -Winfinite-recursion -Wmove -Wcomma -Wblock-capture-autoreleasing -Wstrict-prototypes -Wrange-loop-analysis -Wno-semicolon-before-method-body -Wno-comma -Wno-shorten-64-to-32 @/Users/obedsayyad/teach-gate-macOS-app/macos/build/Teach\ Gate.build/Debug/Teach\ Gate-macOS.build/Objects-normal/arm64/af3fcb34312c57c0f52879cdce924b91-common-args.resp -MMD -MT dependencies -MF /Users/obedsayyad/teach-gate-macOS-app/macos/build/Teach\ Gate.build/Debug/Teach\ Gate-macOS.build/Objects-normal/arm64/AppDelegate.d --serialize-diagnostics /Users/obedsayyad/teach-gate-macOS-app/macos/build/Teach\ Gate.build/Debug/Teach\ Gate-macOS.build/Objects-normal/arm64/AppDelegate.dia -c /Users/obedsayyad/teach-gate-macOS-app/macos/Teach\ Gate-macOS/AppDelegate.mm -o /Users/obedsayyad/teach-gate-macOS-app/macos/build/Teach\ Gate.build/Debug/Teach\ Gate-macOS.build/Objects-normal/arm64/AppDelegate.o

ScanDependencies /Users/obedsayyad/teach-gate-macOS-app/macos/build/Teach\ Gate.build/Debug/Teach\ Gate-macOS.build/Objects-normal/x86_64/main.o /Users/obedsayyad/teach-gate-macOS-app/macos/Teach\ Gate-macOS/main.m normal x86_64 objective-c com.apple.compilers.llvm.clang.1_0.compiler (in target 'Teach Gate-macOS' from project 'Teach Gate')
    cd /Users/obedsayyad/teach-gate-macOS-app/macos
    
    Using response file: /Users/obedsayyad/teach-gate-macOS-app/macos/build/Teach Gate.build/Debug/Teach Gate-macOS.build/Objects-normal/x86_64/e6072d4f65d7061329687fe24e3d63a7-common-args.resp
    
    builtin-ScanDependencies -o /Users/obedsayyad/teach-gate-macOS-app/macos/build/Teach\ Gate.build/Debug/Teach\ Gate-macOS.build/Objects-normal/x86_64/main.o.scan -- /Applications/Xcode.app/Contents/Developer/Toolchains/XcodeDefault.xctoolchain/usr/bin/clang -x objective-c -ivfsstatcache /var/folders/lg/8zjgbnq53mg76bgrmj7fyk6r0000gn/C/com.apple.DeveloperTools/16.4-16F6/Xcode/SDKStatCaches.noindex/macosx15.5-24F74-8254517eb8b97d462ccbc072ba9094c9.sdkstatcache -fmessage-length\=0 -fdiagnostics-show-note-include-stack -fmacro-backtrace-limit\=0 -fno-color-diagnostics -fmodules-prune-interval\=86400 -fmodules-prune-after\=345600 -fbuild-session-file\=/var/folders/lg/8zjgbnq53mg76bgrmj7fyk6r0000gn/C/org.llvm.clang/ModuleCache.noindex/Session.modulevalidation -fmodules-validate-once-per-build-session -Wnon-modular-include-in-framework-module -Werror\=non-modular-include-in-framework-module -Wno-trigraphs -Wno-missing-field-initializers -Wno-missing-prototypes -Werror\=return-type -Wunreachable-code -Wno-implicit-atomic-properties -Werror\=deprecated-objc-isa-usage -Wno-objc-interface-ivars -Werror\=objc-root-class -Wno-arc-repeated-use-of-weak -Wimplicit-retain-self -Wduplicate-method-match -Wno-missing-braces -Wparentheses -Wswitch -Wunused-function -Wno-unused-label -Wno-unused-parameter -Wunused-variable -Wunused-value -Wempty-body -Wuninitialized -Wconditional-uninitialized -Wno-unknown-pragmas -Wno-shadow -Wno-four-char-constants -Wno-conversion -Wconstant-conversion -Wint-conversion -Wbool-conversion -Wenum-conversion -Wno-float-conversion -Wnon-literal-null-conversion -Wobjc-literal-conversion -Wshorten-64-to-32 -Wpointer-sign -Wno-newline-eof -Wno-selector -Wno-strict-selector-match -Wundeclared-selector -Wdeprecated-implementations -Wno-implicit-fallthrough -fstrict-aliasing -Wprotocol -Wdeprecated-declarations -Wno-sign-conversion -Winfinite-recursion -Wcomma -Wblock-capture-autoreleasing -Wstrict-prototypes -Wno-semicolon-before-method-body @/Users/obedsayyad/teach-gate-macOS-app/macos/build/Teach\ Gate.build/Debug/Teach\ Gate-macOS.build/Objects-normal/x86_64/e6072d4f65d7061329687fe24e3d63a7-common-args.resp -MMD -MT dependencies -MF /Users/obedsayyad/teach-gate-macOS-app/macos/build/Teach\ Gate.build/Debug/Teach\ Gate-macOS.build/Objects-normal/x86_64/main.d --serialize-diagnostics /Users/obedsayyad/teach-gate-macOS-app/macos/build/Teach\ Gate.build/Debug/Teach\ Gate-macOS.build/Objects-normal/x86_64/main.dia -c /Users/obedsayyad/teach-gate-macOS-app/macos/Teach\ Gate-macOS/main.m -o /Users/obedsayyad/teach-gate-macOS-app/macos/build/Teach\ Gate.build/Debug/Teach\ Gate-macOS.build/Objects-normal/x86_64/main.o
error: module map file '/Users/obedsayyad/teach-gate-macOS-app/macos/build/Debug/CocoaLumberjack/CocoaLumberjack.modulemap' not found (in target 'Teach Gate-macOS' from project 'Teach Gate')
error: module map file '/Users/obedsayyad/teach-gate-macOS-app/macos/build/Debug/CocoaLumberjack/CocoaLumberjack.modulemap' not found (in target 'Teach Gate-macOS' from project 'Teach Gate')
error: module map file '/Users/obedsayyad/teach-gate-macOS-app/macos/build/Debug/CocoaLumberjack/CocoaLumberjack.modulemap' not found (in target 'Teach Gate-macOS' from project 'Teach Gate')
error: module map file '/Users/obedsayyad/teach-gate-macOS-app/macos/build/Debug/CocoaLumberjack/CocoaLumberjack.modulemap' not found (in target 'Teach Gate-macOS' from project 'Teach Gate')
error: module map file '/Users/obedsayyad/teach-gate-macOS-app/macos/build/Debug/CocoaLumberjack/CocoaLumberjack.modulemap' not found (in target 'Teach Gate-macOS' from project 'Teach Gate')
error: module map file '/Users/obedsayyad/teach-gate-macOS-app/macos/build/Debug/CocoaLumberjack/CocoaLumberjack.modulemap' not found (in target 'Teach Gate-macOS' from project 'Teach Gate')
error: module map file '/Users/obedsayyad/teach-gate-macOS-app/macos/build/Debug/CocoaLumberjack/CocoaLumberjack.modulemap' not found (in target 'Teach Gate-macOS' from project 'Teach Gate')
error: module map file '/Users/obedsayyad/teach-gate-macOS-app/macos/build/Debug/CocoaLumberjack/CocoaLumberjack.modulemap' not found (in target 'Teach Gate-macOS' from project 'Teach Gate')
error: module map file '/Users/obedsayyad/teach-gate-macOS-app/macos/build/Debug/CocoaLumberjack/CocoaLumberjack.modulemap' not found (in target 'Teach Gate-macOS' from project 'Teach Gate')
error: module map file '/Users/obedsayyad/teach-gate-macOS-app/macos/build/Debug/CocoaLumberjack/CocoaLumberjack.modulemap' not found (in target 'Teach Gate-macOS' from project 'Teach Gate')
error: module map file '/Users/obedsayyad/teach-gate-macOS-app/macos/build/Debug/CocoaLumberjack/CocoaLumberjack.modulemap' not found (in target 'Teach Gate-macOS' from project 'Teach Gate')
error: module map file '/Users/obedsayyad/teach-gate-macOS-app/macos/build/Debug/CocoaLumberjack/CocoaLumberjack.modulemap' not found (in target 'Teach Gate-macOS' from project 'Teach Gate')
error: module map file '/Users/obedsayyad/teach-gate-macOS-app/macos/build/Debug/CocoaLumberjack/CocoaLumberjack.modulemap' not found (in target 'Teach Gate-macOS' from project 'Teach Gate')
error: module map file '/Users/obedsayyad/teach-gate-macOS-app/macos/build/Debug/CocoaLumberjack/CocoaLumberjack.modulemap' not found (in target 'Teach Gate-macOS' from project 'Teach Gate')
error: module map file '/Users/obedsayyad/teach-gate-macOS-app/macos/build/Debug/CocoaLumberjack/CocoaLumberjack.modulemap' not found (in target 'Teach Gate-macOS' from project 'Teach Gate')
error: module map file '/Users/obedsayyad/teach-gate-macOS-app/macos/build/Debug/CocoaLumberjack/CocoaLumberjack.modulemap' not found (in target 'Teach Gate-macOS' from project 'Teach Gate')
error: module map file '/Users/obedsayyad/teach-gate-macOS-app/macos/build/Debug/CocoaLumberjack/CocoaLumberjack.modulemap' not found (in target 'Teach Gate-macOS' from project 'Teach Gate')
error: module map file '/Users/obedsayyad/teach-gate-macOS-app/macos/build/Debug/CocoaLumberjack/CocoaLumberjack.modulemap' not found (in target 'Teach Gate-macOS' from project 'Teach Gate')
error: module map file '/Users/obedsayyad/teach-gate-macOS-app/macos/build/Debug/CocoaLumberjack/CocoaLumberjack.modulemap' not found (in target 'Teach Gate-macOS' from project 'Teach Gate')
error: module map file '/Users/obedsayyad/teach-gate-macOS-app/macos/build/Debug/CocoaLumberjack/CocoaLumberjack.modulemap' not found (in target 'Teach Gate-macOS' from project 'Teach Gate')
error: module map file '/Users/obedsayyad/teach-gate-macOS-app/macos/build/Debug/CocoaLumberjack/CocoaLumberjack.modulemap' not found (in target 'Teach Gate-macOS' from project 'Teach Gate')
error: module map file '/Users/obedsayyad/teach-gate-macOS-app/macos/build/Debug/CocoaLumberjack/CocoaLumberjack.modulemap' not found (in target 'Teach Gate-macOS' from project 'Teach Gate')
error: module map file '/Users/obedsayyad/teach-gate-macOS-app/macos/build/Debug/CocoaLumberjack/CocoaLumberjack.modulemap' not found (in target 'Teach Gate-macOS' from project 'Teach Gate')
error: module map file '/Users/obedsayyad/teach-gate-macOS-app/macos/build/Debug/CocoaLumberjack/CocoaLumberjack.modulemap' not found (in target 'Teach Gate-macOS' from project 'Teach Gate')
error: module map file '/Users/obedsayyad/teach-gate-macOS-app/macos/build/Debug/CocoaLumberjack/CocoaLumberjack.modulemap' not found (in target 'Teach Gate-macOS' from project 'Teach Gate')
error: module map file '/Users/obedsayyad/teach-gate-macOS-app/macos/build/Debug/CocoaLumberjack/CocoaLumberjack.modulemap' not found (in target 'Teach Gate-macOS' from project 'Teach Gate')
error: module map file '/Users/obedsayyad/teach-gate-macOS-app/macos/build/Debug/CocoaLumberjack/CocoaLumberjack.modulemap' not found (in target 'Teach Gate-macOS' from project 'Teach Gate')
error: module map file '/Users/obedsayyad/teach-gate-macOS-app/macos/build/Debug/CocoaLumberjack/CocoaLumberjack.modulemap' not found (in target 'Teach Gate-macOS' from project 'Teach Gate')
error: module map file '/Users/obedsayyad/teach-gate-macOS-app/macos/build/Debug/CocoaLumberjack/CocoaLumberjack.modulemap' not found (in target 'Teach Gate-macOS' from project 'Teach Gate')
error: module map file '/Users/obedsayyad/teach-gate-macOS-app/macos/build/Debug/CocoaLumberjack/CocoaLumberjack.modulemap' not found (in target 'Teach Gate-macOS' from project 'Teach Gate')
error: module map file '/Users/obedsayyad/teach-gate-macOS-app/macos/build/Debug/CocoaLumberjack/CocoaLumberjack.modulemap' not found (in target 'Teach Gate-macOS' from project 'Teach Gate')
error: module map file '/Users/obedsayyad/teach-gate-macOS-app/macos/build/Debug/CocoaLumberjack/CocoaLumberjack.modulemap' not found (in target 'Teach Gate-macOS' from project 'Teach Gate')
error: module map file '/Users/obedsayyad/teach-gate-macOS-app/macos/build/Debug/CocoaLumberjack/CocoaLumberjack.modulemap' not found (in target 'Teach Gate-macOS' from project 'Teach Gate')
error: module map file '/Users/obedsayyad/teach-gate-macOS-app/macos/build/Debug/CocoaLumberjack/CocoaLumberjack.modulemap' not found (in target 'Teach Gate-macOS' from project 'Teach Gate')
error: module map file '/Users/obedsayyad/teach-gate-macOS-app/macos/build/Debug/CocoaLumberjack/CocoaLumberjack.modulemap' not found (in target 'Teach Gate-macOS' from project 'Teach Gate')
error: module map file '/Users/obedsayyad/teach-gate-macOS-app/macos/build/Debug/CocoaLumberjack/CocoaLumberjack.modulemap' not found (in target 'Teach Gate-macOS' from project 'Teach Gate')
error: module map file '/Users/obedsayyad/teach-gate-macOS-app/macos/build/Debug/CocoaLumberjack/CocoaLumberjack.modulemap' not found (in target 'Teach Gate-macOS' from project 'Teach Gate')
error: module map file '/Users/obedsayyad/teach-gate-macOS-app/macos/build/Debug/CocoaLumberjack/CocoaLumberjack.modulemap' not found (in target 'Teach Gate-macOS' from project 'Teach Gate')
error: module map file '/Users/obedsayyad/teach-gate-macOS-app/macos/build/Debug/CocoaLumberjack/CocoaLumberjack.modulemap' not found (in target 'Teach Gate-macOS' from project 'Teach Gate')
error: module map file '/Users/obedsayyad/teach-gate-macOS-app/macos/build/Debug/CocoaLumberjack/CocoaLumberjack.modulemap' not found (in target 'Teach Gate-macOS' from project 'Teach Gate')
error: module map file '/Users/obedsayyad/teach-gate-macOS-app/macos/build/Debug/CocoaLumberjack/CocoaLumberjack.modulemap' not found (in target 'Teach Gate-macOS' from project 'Teach Gate')
error: module map file '/Users/obedsayyad/teach-gate-macOS-app/macos/build/Debug/CocoaLumberjack/CocoaLumberjack.modulemap' not found (in target 'Teach Gate-macOS' from project 'Teach Gate')
error: module map file '/Users/obedsayyad/teach-gate-macOS-app/macos/build/Debug/CocoaLumberjack/CocoaLumberjack.modulemap' not found (in target 'Teach Gate-macOS' from project 'Teach Gate')
error: module map file '/Users/obedsayyad/teach-gate-macOS-app/macos/build/Debug/CocoaLumberjack/CocoaLumberjack.modulemap' not found (in target 'Teach Gate-macOS' from project 'Teach Gate')
error: module map file '/Users/obedsayyad/teach-gate-macOS-app/macos/build/Debug/CocoaLumberjack/CocoaLumberjack.modulemap' not found (in target 'Teach Gate-macOS' from project 'Teach Gate')
error: module map file '/Users/obedsayyad/teach-gate-macOS-app/macos/build/Debug/CocoaLumberjack/CocoaLumberjack.modulemap' not found (in target 'Teach Gate-macOS' from project 'Teach Gate')
error: module map file '/Users/obedsayyad/teach-gate-macOS-app/macos/build/Debug/CocoaLumberjack/CocoaLumberjack.modulemap' not found (in target 'Teach Gate-macOS' from project 'Teach Gate')
error: module map file '/Users/obedsayyad/teach-gate-macOS-app/macos/build/Debug/CocoaLumberjack/CocoaLumberjack.modulemap' not found (in target 'Teach Gate-macOS' from project 'Teach Gate')
error: module map file '/Users/obedsayyad/teach-gate-macOS-app/macos/build/Debug/CocoaLumberjack/CocoaLumberjack.modulemap' not found (in target 'Teach Gate-macOS' from project 'Teach Gate')
error: module map file '/Users/obedsayyad/teach-gate-macOS-app/macos/build/Debug/CocoaLumberjack/CocoaLumberjack.modulemap' not found (in target 'Teach Gate-macOS' from project 'Teach Gate')
error: module map file '/Users/obedsayyad/teach-gate-macOS-app/macos/build/Debug/CocoaLumberjack/CocoaLumberjack.modulemap' not found (in target 'Teach Gate-macOS' from project 'Teach Gate')
error: module map file '/Users/obedsayyad/teach-gate-macOS-app/macos/build/Debug/CocoaLumberjack/CocoaLumberjack.modulemap' not found (in target 'Teach Gate-macOS' from project 'Teach Gate')
error: module map file '/Users/obedsayyad/teach-gate-macOS-app/macos/build/Debug/CocoaLumberjack/CocoaLumberjack.modulemap' not found (in target 'Teach Gate-macOS' from project 'Teach Gate')
error: module map file '/Users/obedsayyad/teach-gate-macOS-app/macos/build/Debug/CocoaLumberjack/CocoaLumberjack.modulemap' not found (in target 'Teach Gate-macOS' from project 'Teach Gate')
error: module map file '/Users/obedsayyad/teach-gate-macOS-app/macos/build/Debug/CocoaLumberjack/CocoaLumberjack.modulemap' not found (in target 'Teach Gate-macOS' from project 'Teach Gate')
error: module map file '/Users/obedsayyad/teach-gate-macOS-app/macos/build/Debug/CocoaLumberjack/CocoaLumberjack.modulemap' not found (in target 'Teach Gate-macOS' from project 'Teach Gate')
error: module map file '/Users/obedsayyad/teach-gate-macOS-app/macos/build/Debug/CocoaLumberjack/CocoaLumberjack.modulemap' not found (in target 'Teach Gate-macOS' from project 'Teach Gate')
error: module map file '/Users/obedsayyad/teach-gate-macOS-app/macos/build/Debug/CocoaLumberjack/CocoaLumberjack.modulemap' not found (in target 'Teach Gate-macOS' from project 'Teach Gate')
error: module map file '/Users/obedsayyad/teach-gate-macOS-app/macos/build/Debug/CocoaLumberjack/CocoaLumberjack.modulemap' not found (in target 'Teach Gate-macOS' from project 'Teach Gate')
error: module map file '/Users/obedsayyad/teach-gate-macOS-app/macos/build/Debug/CocoaLumberjack/CocoaLumberjack.modulemap' not found (in target 'Teach Gate-macOS' from project 'Teach Gate')
error: module map file '/Users/obedsayyad/teach-gate-macOS-app/macos/build/Debug/CocoaLumberjack/CocoaLumberjack.modulemap' not found (in target 'Teach Gate-macOS' from project 'Teach Gate')
error: module map file '/Users/obedsayyad/teach-gate-macOS-app/macos/build/Debug/CocoaLumberjack/CocoaLumberjack.modulemap' not found (in target 'Teach Gate-macOS' from project 'Teach Gate')
error: module map file '/Users/obedsayyad/teach-gate-macOS-app/macos/build/Debug/CocoaLumberjack/CocoaLumberjack.modulemap' not found (in target 'Teach Gate-macOS' from project 'Teach Gate')
error: module map file '/Users/obedsayyad/teach-gate-macOS-app/macos/build/Debug/CocoaLumberjack/CocoaLumberjack.modulemap' not found (in target 'Teach Gate-macOS' from project 'Teach Gate')
error: module map file '/Users/obedsayyad/teach-gate-macOS-app/macos/build/Debug/CocoaLumberjack/CocoaLumberjack.modulemap' not found (in target 'Teach Gate-macOS' from project 'Teach Gate')
error: module map file '/Users/obedsayyad/teach-gate-macOS-app/macos/build/Debug/CocoaLumberjack/CocoaLumberjack.modulemap' not found (in target 'Teach Gate-macOS' from project 'Teach Gate')
error: module map file '/Users/obedsayyad/teach-gate-macOS-app/macos/build/Debug/CocoaLumberjack/CocoaLumberjack.modulemap' not found (in target 'Teach Gate-macOS' from project 'Teach Gate')
error: module map file '/Users/obedsayyad/teach-gate-macOS-app/macos/build/Debug/CocoaLumberjack/CocoaLumberjack.modulemap' not found (in target 'Teach Gate-macOS' from project 'Teach Gate')
error: module map file '/Users/obedsayyad/teach-gate-macOS-app/macos/build/Debug/CocoaLumberjack/CocoaLumberjack.modulemap' not found (in target 'Teach Gate-macOS' from project 'Teach Gate')
error: module map file '/Users/obedsayyad/teach-gate-macOS-app/macos/build/Debug/CocoaLumberjack/CocoaLumberjack.modulemap' not found (in target 'Teach Gate-macOS' from project 'Teach Gate')
error: module map file '/Users/obedsayyad/teach-gate-macOS-app/macos/build/Debug/CocoaLumberjack/CocoaLumberjack.modulemap' not found (in target 'Teach Gate-macOS' from project 'Teach Gate')
error: module map file '/Users/obedsayyad/teach-gate-macOS-app/macos/build/Debug/CocoaLumberjack/CocoaLumberjack.modulemap' not found (in target 'Teach Gate-macOS' from project 'Teach Gate')
error: module map file '/Users/obedsayyad/teach-gate-macOS-app/macos/build/Debug/CocoaLumberjack/CocoaLumberjack.modulemap' not found (in target 'Teach Gate-macOS' from project 'Teach Gate')
error: module map file '/Users/obedsayyad/teach-gate-macOS-app/macos/build/Debug/CocoaLumberjack/CocoaLumberjack.modulemap' not found (in target 'Teach Gate-macOS' from project 'Teach Gate')
error: module map file '/Users/obedsayyad/teach-gate-macOS-app/macos/build/Debug/CocoaLumberjack/CocoaLumberjack.modulemap' not found (in target 'Teach Gate-macOS' from project 'Teach Gate')
error: module map file '/Users/obedsayyad/teach-gate-macOS-app/macos/build/Debug/CocoaLumberjack/CocoaLumberjack.modulemap' not found (in target 'Teach Gate-macOS' from project 'Teach Gate')
error: module map file '/Users/obedsayyad/teach-gate-macOS-app/macos/build/Debug/CocoaLumberjack/CocoaLumberjack.modulemap' not found (in target 'Teach Gate-macOS' from project 'Teach Gate')
error: module map file '/Users/obedsayyad/teach-gate-macOS-app/macos/build/Debug/CocoaLumberjack/CocoaLumberjack.modulemap' not found (in target 'Teach Gate-macOS' from project 'Teach Gate')
error: module map file '/Users/obedsayyad/teach-gate-macOS-app/macos/build/Debug/CocoaLumberjack/CocoaLumberjack.modulemap' not found (in target 'Teach Gate-macOS' from project 'Teach Gate')
error: module map file '/Users/obedsayyad/teach-gate-macOS-app/macos/build/Debug/CocoaLumberjack/CocoaLumberjack.modulemap' not found (in target 'Teach Gate-macOS' from project 'Teach Gate')
error: module map file '/Users/obedsayyad/teach-gate-macOS-app/macos/build/Debug/CocoaLumberjack/CocoaLumberjack.modulemap' not found (in target 'Teach Gate-macOS' from project 'Teach Gate')
error: module map file '/Users/obedsayyad/teach-gate-macOS-app/macos/build/Debug/CocoaLumberjack/CocoaLumberjack.modulemap' not found (in target 'Teach Gate-macOS' from project 'Teach Gate')
error: module map file '/Users/obedsayyad/teach-gate-macOS-app/macos/build/Debug/CocoaLumberjack/CocoaLumberjack.modulemap' not found (in target 'Teach Gate-macOS' from project 'Teach Gate')
error: module map file '/Users/obedsayyad/teach-gate-macOS-app/macos/build/Debug/CocoaLumberjack/CocoaLumberjack.modulemap' not found (in target 'Teach Gate-macOS' from project 'Teach Gate')
error: module map file '/Users/obedsayyad/teach-gate-macOS-app/macos/build/Debug/CocoaLumberjack/CocoaLumberjack.modulemap' not found (in target 'Teach Gate-macOS' from project 'Teach Gate')
error: module map file '/Users/obedsayyad/teach-gate-macOS-app/macos/build/Debug/CocoaLumberjack/CocoaLumberjack.modulemap' not found (in target 'Teach Gate-macOS' from project 'Teach Gate')
error: module map file '/Users/obedsayyad/teach-gate-macOS-app/macos/build/Debug/CocoaLumberjack/CocoaLumberjack.modulemap' not found (in target 'Teach Gate-macOS' from project 'Teach Gate')
error: module map file '/Users/obedsayyad/teach-gate-macOS-app/macos/build/Debug/CocoaLumberjack/CocoaLumberjack.modulemap' not found (in target 'Teach Gate-macOS' from project 'Teach Gate')
error: module map file '/Users/obedsayyad/teach-gate-macOS-app/macos/build/Debug/CocoaLumberjack/CocoaLumberjack.modulemap' not found (in target 'Teach Gate-macOS' from project 'Teach Gate')
error: module map file '/Users/obedsayyad/teach-gate-macOS-app/macos/build/Debug/CocoaLumberjack/CocoaLumberjack.modulemap' not found (in target 'Teach Gate-macOS' from project 'Teach Gate')
error: module map file '/Users/obedsayyad/teach-gate-macOS-app/macos/build/Debug/CocoaLumberjack/CocoaLumberjack.modulemap' not found (in target 'Teach Gate-macOS' from project 'Teach Gate')
error: module map file '/Users/obedsayyad/teach-gate-macOS-app/macos/build/Debug/CocoaLumberjack/CocoaLumberjack.modulemap' not found (in target 'Teach Gate-macOS' from project 'Teach Gate')

ScanDependencies /Users/obedsayyad/teach-gate-macOS-app/macos/build/Teach\ Gate.build/Debug/Teach\ Gate-macOS.build/Objects-normal/arm64/main.o /Users/obedsayyad/teach-gate-macOS-app/macos/Teach\ Gate-macOS/main.m normal arm64 objective-c com.apple.compilers.llvm.clang.1_0.compiler (in target 'Teach Gate-macOS' from project 'Teach Gate')
    cd /Users/obedsayyad/teach-gate-macOS-app/macos
    
    Using response file: /Users/obedsayyad/teach-gate-macOS-app/macos/build/Teach Gate.build/Debug/Teach Gate-macOS.build/Objects-normal/arm64/e6072d4f65d7061329687fe24e3d63a7-common-args.resp
    
    builtin-ScanDependencies -o /Users/obedsayyad/teach-gate-macOS-app/macos/build/Teach\ Gate.build/Debug/Teach\ Gate-macOS.build/Objects-normal/arm64/main.o.scan -- /Applications/Xcode.app/Contents/Developer/Toolchains/XcodeDefault.xctoolchain/usr/bin/clang -x objective-c -ivfsstatcache /var/folders/lg/8zjgbnq53mg76bgrmj7fyk6r0000gn/C/com.apple.DeveloperTools/16.4-16F6/Xcode/SDKStatCaches.noindex/macosx15.5-24F74-8254517eb8b97d462ccbc072ba9094c9.sdkstatcache -fmessage-length\=0 -fdiagnostics-show-note-include-stack -fmacro-backtrace-limit\=0 -fno-color-diagnostics -fmodules-prune-interval\=86400 -fmodules-prune-after\=345600 -fbuild-session-file\=/var/folders/lg/8zjgbnq53mg76bgrmj7fyk6r0000gn/C/org.llvm.clang/ModuleCache.noindex/Session.modulevalidation -fmodules-validate-once-per-build-session -Wnon-modular-include-in-framework-module -Werror\=non-modular-include-in-framework-module -Wno-trigraphs -Wno-missing-field-initializers -Wno-missing-prototypes -Werror\=return-type -Wunreachable-code -Wno-implicit-atomic-properties -Werror\=deprecated-objc-isa-usage -Wno-objc-interface-ivars -Werror\=objc-root-class -Wno-arc-repeated-use-of-weak -Wimplicit-retain-self -Wduplicate-method-match -Wno-missing-braces -Wparentheses -Wswitch -Wunused-function -Wno-unused-label -Wno-unused-parameter -Wunused-variable -Wunused-value -Wempty-body -Wuninitialized -Wconditional-uninitialized -Wno-unknown-pragmas -Wno-shadow -Wno-four-char-constants -Wno-conversion -Wconstant-conversion -Wint-conversion -Wbool-conversion -Wenum-conversion -Wno-float-conversion -Wnon-literal-null-conversion -Wobjc-literal-conversion -Wshorten-64-to-32 -Wpointer-sign -Wno-newline-eof -Wno-selector -Wno-strict-selector-match -Wundeclared-selector -Wdeprecated-implementations -Wno-implicit-fallthrough -fstrict-aliasing -Wprotocol -Wdeprecated-declarations -Wno-sign-conversion -Winfinite-recursion -Wcomma -Wblock-capture-autoreleasing -Wstrict-prototypes -Wno-semicolon-before-method-body @/Users/obedsayyad/teach-gate-macOS-app/macos/build/Teach\ Gate.build/Debug/Teach\ Gate-macOS.build/Objects-normal/arm64/e6072d4f65d7061329687fe24e3d63a7-common-args.resp -MMD -MT dependencies -MF /Users/obedsayyad/teach-gate-macOS-app/macos/build/Teach\ Gate.build/Debug/Teach\ Gate-macOS.build/Objects-normal/arm64/main.d --serialize-diagnostics /Users/obedsayyad/teach-gate-macOS-app/macos/build/Teach\ Gate.build/Debug/Teach\ Gate-macOS.build/Objects-normal/arm64/main.dia -c /Users/obedsayyad/teach-gate-macOS-app/macos/Teach\ Gate-macOS/main.m -o /Users/obedsayyad/teach-gate-macOS-app/macos/build/Teach\ Gate.build/Debug/Teach\ Gate-macOS.build/Objects-normal/arm64/main.o
error: module map file '/Users/obedsayyad/teach-gate-macOS-app/macos/build/Debug/CocoaLumberjack/CocoaLumberjack.modulemap' not found (in target 'Teach Gate-macOS' from project 'Teach Gate')
error: module map file '/Users/obedsayyad/teach-gate-macOS-app/macos/build/Debug/CocoaLumberjack/CocoaLumberjack.modulemap' not found (in target 'Teach Gate-macOS' from project 'Teach Gate')
error: module map file '/Users/obedsayyad/teach-gate-macOS-app/macos/build/Debug/CocoaLumberjack/CocoaLumberjack.modulemap' not found (in target 'Teach Gate-macOS' from project 'Teach Gate')
error: module map file '/Users/obedsayyad/teach-gate-macOS-app/macos/build/Debug/CocoaLumberjack/CocoaLumberjack.modulemap' not found (in target 'Teach Gate-macOS' from project 'Teach Gate')
error: module map file '/Users/obedsayyad/teach-gate-macOS-app/macos/build/Debug/CocoaLumberjack/CocoaLumberjack.modulemap' not found (in target 'Teach Gate-macOS' from project 'Teach Gate')
error: module map file '/Users/obedsayyad/teach-gate-macOS-app/macos/build/Debug/CocoaLumberjack/CocoaLumberjack.modulemap' not found (in target 'Teach Gate-macOS' from project 'Teach Gate')
error: module map file '/Users/obedsayyad/teach-gate-macOS-app/macos/build/Debug/CocoaLumberjack/CocoaLumberjack.modulemap' not found (in target 'Teach Gate-macOS' from project 'Teach Gate')
error: module map file '/Users/obedsayyad/teach-gate-macOS-app/macos/build/Debug/CocoaLumberjack/CocoaLumberjack.modulemap' not found (in target 'Teach Gate-macOS' from project 'Teach Gate')
error: module map file '/Users/obedsayyad/teach-gate-macOS-app/macos/build/Debug/CocoaLumberjack/CocoaLumberjack.modulemap' not found (in target 'Teach Gate-macOS' from project 'Teach Gate')
error: module map file '/Users/obedsayyad/teach-gate-macOS-app/macos/build/Debug/CocoaLumberjack/CocoaLumberjack.modulemap' not found (in target 'Teach Gate-macOS' from project 'Teach Gate')
error: module map file '/Users/obedsayyad/teach-gate-macOS-app/macos/build/Debug/CocoaLumberjack/CocoaLumberjack.modulemap' not found (in target 'Teach Gate-macOS' from project 'Teach Gate')
error: module map file '/Users/obedsayyad/teach-gate-macOS-app/macos/build/Debug/CocoaLumberjack/CocoaLumberjack.modulemap' not found (in target 'Teach Gate-macOS' from project 'Teach Gate')
error: module map file '/Users/obedsayyad/teach-gate-macOS-app/macos/build/Debug/CocoaLumberjack/CocoaLumberjack.modulemap' not found (in target 'Teach Gate-macOS' from project 'Teach Gate')
error: module map file '/Users/obedsayyad/teach-gate-macOS-app/macos/build/Debug/CocoaLumberjack/CocoaLumberjack.modulemap' not found (in target 'Teach Gate-macOS' from project 'Teach Gate')
error: module map file '/Users/obedsayyad/teach-gate-macOS-app/macos/build/Debug/CocoaLumberjack/CocoaLumberjack.modulemap' not found (in target 'Teach Gate-macOS' from project 'Teach Gate')
error: module map file '/Users/obedsayyad/teach-gate-macOS-app/macos/build/Debug/CocoaLumberjack/CocoaLumberjack.modulemap' not found (in target 'Teach Gate-macOS' from project 'Teach Gate')
error: module map file '/Users/obedsayyad/teach-gate-macOS-app/macos/build/Debug/CocoaLumberjack/CocoaLumberjack.modulemap' not found (in target 'Teach Gate-macOS' from project 'Teach Gate')
error: module map file '/Users/obedsayyad/teach-gate-macOS-app/macos/build/Debug/CocoaLumberjack/CocoaLumberjack.modulemap' not found (in target 'Teach Gate-macOS' from project 'Teach Gate')
error: module map file '/Users/obedsayyad/teach-gate-macOS-app/macos/build/Debug/CocoaLumberjack/CocoaLumberjack.modulemap' not found (in target 'Teach Gate-macOS' from project 'Teach Gate')
error: module map file '/Users/obedsayyad/teach-gate-macOS-app/macos/build/Debug/CocoaLumberjack/CocoaLumberjack.modulemap' not found (in target 'Teach Gate-macOS' from project 'Teach Gate')
error: module map file '/Users/obedsayyad/teach-gate-macOS-app/macos/build/Debug/CocoaLumberjack/CocoaLumberjack.modulemap' not found (in target 'Teach Gate-macOS' from project 'Teach Gate')
error: module map file '/Users/obedsayyad/teach-gate-macOS-app/macos/build/Debug/CocoaLumberjack/CocoaLumberjack.modulemap' not found (in target 'Teach Gate-macOS' from project 'Teach Gate')
error: module map file '/Users/obedsayyad/teach-gate-macOS-app/macos/build/Debug/CocoaLumberjack/CocoaLumberjack.modulemap' not found (in target 'Teach Gate-macOS' from project 'Teach Gate')
error: module map file '/Users/obedsayyad/teach-gate-macOS-app/macos/build/Debug/CocoaLumberjack/CocoaLumberjack.modulemap' not found (in target 'Teach Gate-macOS' from project 'Teach Gate')
error: module map file '/Users/obedsayyad/teach-gate-macOS-app/macos/build/Debug/CocoaLumberjack/CocoaLumberjack.modulemap' not found (in target 'Teach Gate-macOS' from project 'Teach Gate')
error: module map file '/Users/obedsayyad/teach-gate-macOS-app/macos/build/Debug/CocoaLumberjack/CocoaLumberjack.modulemap' not found (in target 'Teach Gate-macOS' from project 'Teach Gate')
error: module map file '/Users/obedsayyad/teach-gate-macOS-app/macos/build/Debug/CocoaLumberjack/CocoaLumberjack.modulemap' not found (in target 'Teach Gate-macOS' from project 'Teach Gate')
error: module map file '/Users/obedsayyad/teach-gate-macOS-app/macos/build/Debug/CocoaLumberjack/CocoaLumberjack.modulemap' not found (in target 'Teach Gate-macOS' from project 'Teach Gate')
error: module map file '/Users/obedsayyad/teach-gate-macOS-app/macos/build/Debug/CocoaLumberjack/CocoaLumberjack.modulemap' not found (in target 'Teach Gate-macOS' from project 'Teach Gate')
error: module map file '/Users/obedsayyad/teach-gate-macOS-app/macos/build/Debug/CocoaLumberjack/CocoaLumberjack.modulemap' not found (in target 'Teach Gate-macOS' from project 'Teach Gate')
error: module map file '/Users/obedsayyad/teach-gate-macOS-app/macos/build/Debug/CocoaLumberjack/CocoaLumberjack.modulemap' not found (in target 'Teach Gate-macOS' from project 'Teach Gate')
error: module map file '/Users/obedsayyad/teach-gate-macOS-app/macos/build/Debug/CocoaLumberjack/CocoaLumberjack.modulemap' not found (in target 'Teach Gate-macOS' from project 'Teach Gate')
error: module map file '/Users/obedsayyad/teach-gate-macOS-app/macos/build/Debug/CocoaLumberjack/CocoaLumberjack.modulemap' not found (in target 'Teach Gate-macOS' from project 'Teach Gate')
error: module map file '/Users/obedsayyad/teach-gate-macOS-app/macos/build/Debug/CocoaLumberjack/CocoaLumberjack.modulemap' not found (in target 'Teach Gate-macOS' from project 'Teach Gate')
error: module map file '/Users/obedsayyad/teach-gate-macOS-app/macos/build/Debug/CocoaLumberjack/CocoaLumberjack.modulemap' not found (in target 'Teach Gate-macOS' from project 'Teach Gate')
error: module map file '/Users/obedsayyad/teach-gate-macOS-app/macos/build/Debug/CocoaLumberjack/CocoaLumberjack.modulemap' not found (in target 'Teach Gate-macOS' from project 'Teach Gate')
error: module map file '/Users/obedsayyad/teach-gate-macOS-app/macos/build/Debug/CocoaLumberjack/CocoaLumberjack.modulemap' not found (in target 'Teach Gate-macOS' from project 'Teach Gate')
error: module map file '/Users/obedsayyad/teach-gate-macOS-app/macos/build/Debug/CocoaLumberjack/CocoaLumberjack.modulemap' not found (in target 'Teach Gate-macOS' from project 'Teach Gate')
error: module map file '/Users/obedsayyad/teach-gate-macOS-app/macos/build/Debug/CocoaLumberjack/CocoaLumberjack.modulemap' not found (in target 'Teach Gate-macOS' from project 'Teach Gate')
error: module map file '/Users/obedsayyad/teach-gate-macOS-app/macos/build/Debug/CocoaLumberjack/CocoaLumberjack.modulemap' not found (in target 'Teach Gate-macOS' from project 'Teach Gate')
error: module map file '/Users/obedsayyad/teach-gate-macOS-app/macos/build/Debug/CocoaLumberjack/CocoaLumberjack.modulemap' not found (in target 'Teach Gate-macOS' from project 'Teach Gate')
error: module map file '/Users/obedsayyad/teach-gate-macOS-app/macos/build/Debug/CocoaLumberjack/CocoaLumberjack.modulemap' not found (in target 'Teach Gate-macOS' from project 'Teach Gate')
error: module map file '/Users/obedsayyad/teach-gate-macOS-app/macos/build/Debug/CocoaLumberjack/CocoaLumberjack.modulemap' not found (in target 'Teach Gate-macOS' from project 'Teach Gate')
error: module map file '/Users/obedsayyad/teach-gate-macOS-app/macos/build/Debug/CocoaLumberjack/CocoaLumberjack.modulemap' not found (in target 'Teach Gate-macOS' from project 'Teach Gate')
error: module map file '/Users/obedsayyad/teach-gate-macOS-app/macos/build/Debug/CocoaLumberjack/CocoaLumberjack.modulemap' not found (in target 'Teach Gate-macOS' from project 'Teach Gate')
error: module map file '/Users/obedsayyad/teach-gate-macOS-app/macos/build/Debug/CocoaLumberjack/CocoaLumberjack.modulemap' not found (in target 'Teach Gate-macOS' from project 'Teach Gate')
error: module map file '/Users/obedsayyad/teach-gate-macOS-app/macos/build/Debug/CocoaLumberjack/CocoaLumberjack.modulemap' not found (in target 'Teach Gate-macOS' from project 'Teach Gate')
error: module map file '/Users/obedsayyad/teach-gate-macOS-app/macos/build/Debug/CocoaLumberjack/CocoaLumberjack.modulemap' not found (in target 'Teach Gate-macOS' from project 'Teach Gate')
error: module map file '/Users/obedsayyad/teach-gate-macOS-app/macos/build/Debug/CocoaLumberjack/CocoaLumberjack.modulemap' not found (in target 'Teach Gate-macOS' from project 'Teach Gate')
error: module map file '/Users/obedsayyad/teach-gate-macOS-app/macos/build/Debug/CocoaLumberjack/CocoaLumberjack.modulemap' not found (in target 'Teach Gate-macOS' from project 'Teach Gate')
error: module map file '/Users/obedsayyad/teach-gate-macOS-app/macos/build/Debug/CocoaLumberjack/CocoaLumberjack.modulemap' not found (in target 'Teach Gate-macOS' from project 'Teach Gate')
error: module map file '/Users/obedsayyad/teach-gate-macOS-app/macos/build/Debug/CocoaLumberjack/CocoaLumberjack.modulemap' not found (in target 'Teach Gate-macOS' from project 'Teach Gate')
error: module map file '/Users/obedsayyad/teach-gate-macOS-app/macos/build/Debug/CocoaLumberjack/CocoaLumberjack.modulemap' not found (in target 'Teach Gate-macOS' from project 'Teach Gate')
error: module map file '/Users/obedsayyad/teach-gate-macOS-app/macos/build/Debug/CocoaLumberjack/CocoaLumberjack.modulemap' not found (in target 'Teach Gate-macOS' from project 'Teach Gate')
error: module map file '/Users/obedsayyad/teach-gate-macOS-app/macos/build/Debug/CocoaLumberjack/CocoaLumberjack.modulemap' not found (in target 'Teach Gate-macOS' from project 'Teach Gate')
error: module map file '/Users/obedsayyad/teach-gate-macOS-app/macos/build/Debug/CocoaLumberjack/CocoaLumberjack.modulemap' not found (in target 'Teach Gate-macOS' from project 'Teach Gate')
error: module map file '/Users/obedsayyad/teach-gate-macOS-app/macos/build/Debug/CocoaLumberjack/CocoaLumberjack.modulemap' not found (in target 'Teach Gate-macOS' from project 'Teach Gate')
error: module map file '/Users/obedsayyad/teach-gate-macOS-app/macos/build/Debug/CocoaLumberjack/CocoaLumberjack.modulemap' not found (in target 'Teach Gate-macOS' from project 'Teach Gate')
error: module map file '/Users/obedsayyad/teach-gate-macOS-app/macos/build/Debug/CocoaLumberjack/CocoaLumberjack.modulemap' not found (in target 'Teach Gate-macOS' from project 'Teach Gate')
error: module map file '/Users/obedsayyad/teach-gate-macOS-app/macos/build/Debug/CocoaLumberjack/CocoaLumberjack.modulemap' not found (in target 'Teach Gate-macOS' from project 'Teach Gate')
error: module map file '/Users/obedsayyad/teach-gate-macOS-app/macos/build/Debug/CocoaLumberjack/CocoaLumberjack.modulemap' not found (in target 'Teach Gate-macOS' from project 'Teach Gate')
error: module map file '/Users/obedsayyad/teach-gate-macOS-app/macos/build/Debug/CocoaLumberjack/CocoaLumberjack.modulemap' not found (in target 'Teach Gate-macOS' from project 'Teach Gate')
error: module map file '/Users/obedsayyad/teach-gate-macOS-app/macos/build/Debug/CocoaLumberjack/CocoaLumberjack.modulemap' not found (in target 'Teach Gate-macOS' from project 'Teach Gate')
error: module map file '/Users/obedsayyad/teach-gate-macOS-app/macos/build/Debug/CocoaLumberjack/CocoaLumberjack.modulemap' not found (in target 'Teach Gate-macOS' from project 'Teach Gate')
error: module map file '/Users/obedsayyad/teach-gate-macOS-app/macos/build/Debug/CocoaLumberjack/CocoaLumberjack.modulemap' not found (in target 'Teach Gate-macOS' from project 'Teach Gate')
error: module map file '/Users/obedsayyad/teach-gate-macOS-app/macos/build/Debug/CocoaLumberjack/CocoaLumberjack.modulemap' not found (in target 'Teach Gate-macOS' from project 'Teach Gate')
error: module map file '/Users/obedsayyad/teach-gate-macOS-app/macos/build/Debug/CocoaLumberjack/CocoaLumberjack.modulemap' not found (in target 'Teach Gate-macOS' from project 'Teach Gate')
error: module map file '/Users/obedsayyad/teach-gate-macOS-app/macos/build/Debug/CocoaLumberjack/CocoaLumberjack.modulemap' not found (in target 'Teach Gate-macOS' from project 'Teach Gate')
error: module map file '/Users/obedsayyad/teach-gate-macOS-app/macos/build/Debug/CocoaLumberjack/CocoaLumberjack.modulemap' not found (in target 'Teach Gate-macOS' from project 'Teach Gate')
error: module map file '/Users/obedsayyad/teach-gate-macOS-app/macos/build/Debug/CocoaLumberjack/CocoaLumberjack.modulemap' not found (in target 'Teach Gate-macOS' from project 'Teach Gate')
error: module map file '/Users/obedsayyad/teach-gate-macOS-app/macos/build/Debug/CocoaLumberjack/CocoaLumberjack.modulemap' not found (in target 'Teach Gate-macOS' from project 'Teach Gate')
error: module map file '/Users/obedsayyad/teach-gate-macOS-app/macos/build/Debug/CocoaLumberjack/CocoaLumberjack.modulemap' not found (in target 'Teach Gate-macOS' from project 'Teach Gate')
error: module map file '/Users/obedsayyad/teach-gate-macOS-app/macos/build/Debug/CocoaLumberjack/CocoaLumberjack.modulemap' not found (in target 'Teach Gate-macOS' from project 'Teach Gate')
error: module map file '/Users/obedsayyad/teach-gate-macOS-app/macos/build/Debug/CocoaLumberjack/CocoaLumberjack.modulemap' not found (in target 'Teach Gate-macOS' from project 'Teach Gate')
error: module map file '/Users/obedsayyad/teach-gate-macOS-app/macos/build/Debug/CocoaLumberjack/CocoaLumberjack.modulemap' not found (in target 'Teach Gate-macOS' from project 'Teach Gate')
error: module map file '/Users/obedsayyad/teach-gate-macOS-app/macos/build/Debug/CocoaLumberjack/CocoaLumberjack.modulemap' not found (in target 'Teach Gate-macOS' from project 'Teach Gate')
error: module map file '/Users/obedsayyad/teach-gate-macOS-app/macos/build/Debug/CocoaLumberjack/CocoaLumberjack.modulemap' not found (in target 'Teach Gate-macOS' from project 'Teach Gate')
error: module map file '/Users/obedsayyad/teach-gate-macOS-app/macos/build/Debug/CocoaLumberjack/CocoaLumberjack.modulemap' not found (in target 'Teach Gate-macOS' from project 'Teach Gate')
error: module map file '/Users/obedsayyad/teach-gate-macOS-app/macos/build/Debug/CocoaLumberjack/CocoaLumberjack.modulemap' not found (in target 'Teach Gate-macOS' from project 'Teach Gate')
error: module map file '/Users/obedsayyad/teach-gate-macOS-app/macos/build/Debug/CocoaLumberjack/CocoaLumberjack.modulemap' not found (in target 'Teach Gate-macOS' from project 'Teach Gate')
error: module map file '/Users/obedsayyad/teach-gate-macOS-app/macos/build/Debug/CocoaLumberjack/CocoaLumberjack.modulemap' not found (in target 'Teach Gate-macOS' from project 'Teach Gate')
error: module map file '/Users/obedsayyad/teach-gate-macOS-app/macos/build/Debug/CocoaLumberjack/CocoaLumberjack.modulemap' not found (in target 'Teach Gate-macOS' from project 'Teach Gate')
error: module map file '/Users/obedsayyad/teach-gate-macOS-app/macos/build/Debug/CocoaLumberjack/CocoaLumberjack.modulemap' not found (in target 'Teach Gate-macOS' from project 'Teach Gate')
error: module map file '/Users/obedsayyad/teach-gate-macOS-app/macos/build/Debug/CocoaLumberjack/CocoaLumberjack.modulemap' not found (in target 'Teach Gate-macOS' from project 'Teach Gate')
error: module map file '/Users/obedsayyad/teach-gate-macOS-app/macos/build/Debug/CocoaLumberjack/CocoaLumberjack.modulemap' not found (in target 'Teach Gate-macOS' from project 'Teach Gate')
error: module map file '/Users/obedsayyad/teach-gate-macOS-app/macos/build/Debug/CocoaLumberjack/CocoaLumberjack.modulemap' not found (in target 'Teach Gate-macOS' from project 'Teach Gate')
error: module map file '/Users/obedsayyad/teach-gate-macOS-app/macos/build/Debug/CocoaLumberjack/CocoaLumberjack.modulemap' not found (in target 'Teach Gate-macOS' from project 'Teach Gate')
error: module map file '/Users/obedsayyad/teach-gate-macOS-app/macos/build/Debug/CocoaLumberjack/CocoaLumberjack.modulemap' not found (in target 'Teach Gate-macOS' from project 'Teach Gate')
error: module map file '/Users/obedsayyad/teach-gate-macOS-app/macos/build/Debug/CocoaLumberjack/CocoaLumberjack.modulemap' not found (in target 'Teach Gate-macOS' from project 'Teach Gate')
error: module map file '/Users/obedsayyad/teach-gate-macOS-app/macos/build/Debug/CocoaLumberjack/CocoaLumberjack.modulemap' not found (in target 'Teach Gate-macOS' from project 'Teach Gate')
error: module map file '/Users/obedsayyad/teach-gate-macOS-app/macos/build/Debug/CocoaLumberjack/CocoaLumberjack.modulemap' not found (in target 'Teach Gate-macOS' from project 'Teach Gate')
error: module map file '/Users/obedsayyad/teach-gate-macOS-app/macos/build/Debug/CocoaLumberjack/CocoaLumberjack.modulemap' not found (in target 'Teach Gate-macOS' from project 'Teach Gate')

CpResource /Users/obedsayyad/teach-gate-macOS-app/macos/build/Debug/Teach\ Gate.app/Contents/Resources/PrivacyInfo.xcprivacy /Users/obedsayyad/teach-gate-macOS-app/macos/PrivacyInfo.xcprivacy (in target 'Teach Gate-macOS' from project 'Teach Gate')
    cd /Users/obedsayyad/teach-gate-macOS-app/macos
    builtin-copy -exclude .DS_Store -exclude CVS -exclude .svn -exclude .git -exclude .hg -resolve-src-symlinks /Users/obedsayyad/teach-gate-macOS-app/macos/PrivacyInfo.xcprivacy /Users/obedsayyad/teach-gate-macOS-app/macos/build/Debug/Teach\ Gate.app/Contents/Resources

LinkAssetCatalog /Users/obedsayyad/teach-gate-macOS-app/macos/Teach\ Gate-macOS/Assets.xcassets (in target 'Teach Gate-macOS' from project 'Teach Gate')
    cd /Users/obedsayyad/teach-gate-macOS-app/macos
    builtin-linkAssetCatalog --thinned /Users/obedsayyad/teach-gate-macOS-app/macos/build/Teach\ Gate.build/Debug/Teach\ Gate-macOS.build/assetcatalog_output/thinned --thinned-dependencies /Users/obedsayyad/teach-gate-macOS-app/macos/build/Teach\ Gate.build/Debug/Teach\ Gate-macOS.build/assetcatalog_dependencies_thinned --thinned-info-plist-content /Users/obedsayyad/teach-gate-macOS-app/macos/build/Teach\ Gate.build/Debug/Teach\ Gate-macOS.build/assetcatalog_generated_info.plist_thinned --unthinned /Users/obedsayyad/teach-gate-macOS-app/macos/build/Teach\ Gate.build/Debug/Teach\ Gate-macOS.build/assetcatalog_output/unthinned --unthinned-dependencies /Users/obedsayyad/teach-gate-macOS-app/macos/build/Teach\ Gate.build/Debug/Teach\ Gate-macOS.build/assetcatalog_dependencies_unthinned --unthinned-info-plist-content /Users/obedsayyad/teach-gate-macOS-app/macos/build/Teach\ Gate.build/Debug/Teach\ Gate-macOS.build/assetcatalog_generated_info.plist_unthinned --output /Users/obedsayyad/teach-gate-macOS-app/macos/build/Debug/Teach\ Gate.app/Contents/Resources --plist-output /Users/obedsayyad/teach-gate-macOS-app/macos/build/Teach\ Gate.build/Debug/Teach\ Gate-macOS.build/assetcatalog_generated_info.plist

warning: ONLY_ACTIVE_ARCH=YES requested with multiple ARCHS and no active architecture could be computed; building for all applicable architectures (in target 'TeachGateVPN' from project 'Teach Gate')
warning: Skipping duplicate build file in Compile Sources build phase: /Users/obedsayyad/teach-gate-macOS-app/macos/TeachGateVPN/PacketTunnelProvider.m (in target 'TeachGateVPN' from project 'Teach Gate')
warning: Skipping duplicate build file in Compile Sources build phase: /Users/obedsayyad/teach-gate-macOS-app/macos/TeachGateVPN/PacketTunnelProvider.m (in target 'TeachGateVPN' from project 'Teach Gate')
