/opt/homebrew/Cellar/ruby/3.4.5/lib/ruby/3.4.0/bundler/resolver.rb:358:in 'Bundler::Resolver#raise_not_found!': Could not find gem 'xcodeproj (>= 1.29.0)' in locally installed gems. (Bundler::GemNotFound)
	from /opt/homebrew/Cellar/ruby/3.4.5/lib/ruby/3.4.0/bundler/resolver.rb:452:in 'block in Bundler::Resolver#prepare_dependencies'
	from /opt/homebrew/Cellar/ruby/3.4.5/lib/ruby/3.4.0/bundler/resolver.rb:427:in 'Hash#each'
	from /opt/homebrew/Cellar/ruby/3.4.5/lib/ruby/3.4.0/bundler/resolver.rb:427:in 'Enumerable#filter_map'
	from /opt/homebrew/Cellar/ruby/3.4.5/lib/ruby/3.4.0/bundler/resolver.rb:427:in 'Bundler::Resolver#prepare_dependencies'
	from /opt/homebrew/Cellar/ruby/3.4.5/lib/ruby/3.4.0/bundler/resolver.rb:65:in 'Bundler::Resolver#setup_solver'
	from /opt/homebrew/Cellar/ruby/3.4.5/lib/ruby/3.4.0/bundler/resolver.rb:30:in 'Bundler::Resolver#start'
	from /opt/homebrew/Cellar/ruby/3.4.5/lib/ruby/3.4.0/bundler/definition.rb:745:in 'Bundler::Definition#start_resolution'
	from /opt/homebrew/Cellar/ruby/3.4.5/lib/ruby/3.4.0/bundler/definition.rb:342:in 'Bundler::Definition#resolve'
	from /opt/homebrew/Cellar/ruby/3.4.5/lib/ruby/3.4.0/bundler/definition.rb:653:in 'Bundler::Definition#materialize'
	from /opt/homebrew/Cellar/ruby/3.4.5/lib/ruby/3.4.0/bundler/definition.rb:237:in 'Bundler::Definition#specs'
	from /opt/homebrew/Cellar/ruby/3.4.5/lib/ruby/3.4.0/bundler/definition.rb:304:in 'Bundler::Definition#specs_for'
	from /opt/homebrew/Cellar/ruby/3.4.5/lib/ruby/3.4.0/bundler/runtime.rb:18:in 'Bundler::Runtime#setup'
	from /opt/homebrew/Cellar/ruby/3.4.5/lib/ruby/3.4.0/bundler.rb:167:in 'Bundler.setup'
	from /opt/homebrew/Cellar/ruby/3.4.5/lib/ruby/3.4.0/bundler/setup.rb:32:in 'block in <top (required)>'
	from /opt/homebrew/Cellar/ruby/3.4.5/lib/ruby/3.4.0/bundler/ui/shell.rb:173:in 'Bundler::UI::Shell#with_level'
	from /opt/homebrew/Cellar/ruby/3.4.5/lib/ruby/3.4.0/bundler/ui/shell.rb:119:in 'Bundler::UI::Shell#silence'
	from /opt/homebrew/Cellar/ruby/3.4.5/lib/ruby/3.4.0/bundler/setup.rb:32:in '<top (required)>'
	from <internal:/opt/homebrew/Cellar/ruby/3.4.5/lib/ruby/3.4.0/rubygems/core_ext/kernel_require.rb>:136:in 'Kernel#require'
	from <internal:/opt/homebrew/Cellar/ruby/3.4.5/lib/ruby/3.4.0/rubygems/core_ext/kernel_require.rb>:136:in 'Kernel#require'
