Updating spec repo `trunk`
get_default_flags is deprecated. Please remove the keys from the `use_react_native!` function
if you are using the default already and pass the value you need in case you don't want the default
Auto-linking React Native modules for target `Teach Gate-macOS`: RNCAsyncStorage, RNGestureHandler, RNReanimated, react-native-safe-area-context, and react-native-webview
Framework build type is static library
[36m[1m[Codegen][0m [33mwarn: using experimental new codegen integration[0m
[36m[1m[Codegen][0m Adding script_phases to ReactCodegen.
[36m[1m[Codegen][0m Generating ./build/generated/ios/ReactCodegen.podspec.json
[36m[1m[Codegen][0m Analyzing /Users/obedsayyad/teach-gate-macOS-app/package.json[0m
[36m[1m[Codegen][0m [33mSearching for codegen-enabled libraries in the app.[0m
[36m[1m[Codegen][0m [33mThe "codegenConfig" field is not defined in package.json. Assuming there is nothing to generate at the app level.[0m
[36m[1m[Codegen][0m [33mSearching for codegen-enabled libraries in the project dependencies.[0m
[36m[1m[Codegen][0m Found @react-native-async-storage/async-storage[0m
[36m[1m[Codegen][0m Found react-native[0m
[36m[1m[Codegen][0m CodegenConfig Deprecated Setup for react-native.
    The configuration file still contains the codegen in the libraries array.
    If possible, replace it with a single object.
  [0m
[36m[1m[Codegen][0m BEFORE:
    {
      // ...
      "codegenConfig": {
        "libraries": [
          {
            "name": "libName1",
            "type": "all|components|modules",
            "jsSrcsRoot": "libName1/js"
          },
          {
            "name": "libName2",
            "type": "all|components|modules",
            "jsSrcsRoot": "libName2/src"
          }
        ]
      }
    }

    AFTER:
    {
      "codegenConfig": {
        "name": "libraries",
        "type": "all",
        "jsSrcsRoot": "."
      }
    }
  [0m
[36m[1m[Codegen][0m Found react-native-gesture-handler[0m
[36m[1m[Codegen][0m Found react-native-macos[0m
[36m[1m[Codegen][0m Found react-native-reanimated[0m
[36m[1m[Codegen][0m Found react-native-safe-area-context[0m
[36m[1m[Codegen][0m Found react-native-screens[0m
[36m[1m[Codegen][0m Found react-native-vector-icons[0m
[36m[1m[Codegen][0m Found react-native-webview[0m
[36m[1m[Codegen][0m [33mSearching for codegen-enabled libraries in react-native.config.js[0m
[36m[1m[Codegen][0m Processing rnasyncstorage[0m
[36m[1m[Codegen][0m [33mSearching for podspec in the project dependencies.[0m
[36m[1m[Codegen][0m Supported Apple platforms: ios, macos, tvos, visionos for rnasyncstorage[0m
[36m[1m[Codegen][0m Processing FBReactNativeSpec[0m
[36m[1m[Codegen][0m [33mSearching for podspec in the project dependencies.[0m
[36m[1m[Codegen][0m Processing rncore[0m
[36m[1m[Codegen][0m [33mSearching for podspec in the project dependencies.[0m
[36m[1m[Codegen][0m Processing rngesturehandler_codegen[0m
[36m[1m[Codegen][0m [33mSearching for podspec in the project dependencies.[0m
[36m[1m[Codegen][0m Supported Apple platforms: ios, macos, tvos, visionos for rngesturehandler_codegen[0m
[36m[1m[Codegen][0m Processing FBReactNativeSpec[0m
[36m[1m[Codegen][0m [33mSearching for podspec in the project dependencies.[0m
[36m[1m[Codegen][0m Processing rncore[0m
[36m[1m[Codegen][0m [33mSearching for podspec in the project dependencies.[0m
[36m[1m[Codegen][0m Processing rnreanimated[0m
[36m[1m[Codegen][0m [33mSearching for podspec in the project dependencies.[0m
[36m[1m[Codegen][0m Supported Apple platforms: ios, macos, tvos, visionos for rnreanimated[0m
[36m[1m[Codegen][0m Processing safeareacontext[0m
[36m[1m[Codegen][0m [33mSearching for podspec in the project dependencies.[0m
[36m[1m[Codegen][0m Supported Apple platforms: ios, macos, tvos, visionos for safeareacontext[0m
[36m[1m[Codegen][0m Processing rnscreens[0m
[36m[1m[Codegen][0m [33mSearching for podspec in the project dependencies.[0m
[36m[1m[Codegen][0m Supported Apple platforms: ios, tvos, visionos for rnscreens[0m
[36m[1m[Codegen][0m Processing RNVectorIconsSpec[0m
[36m[1m[Codegen][0m [33mSearching for podspec in the project dependencies.[0m
[36m[1m[Codegen][0m Supported Apple platforms: ios, tvos, visionos for RNVectorIconsSpec[0m
[36m[1m[Codegen][0m Processing RNCWebViewSpec[0m
[36m[1m[Codegen][0m [33mSearching for podspec in the project dependencies.[0m
[36m[1m[Codegen][0m Supported Apple platforms: ios, macos, visionos for RNCWebViewSpec[0m
[36m[1m[Codegen][0m Generating Native Code for rnasyncstorage - ios[0m
[36m[1m[Codegen][0m Generated artifacts: /Users/obedsayyad/teach-gate-macOS-app/macos/build/generated/ios[0m
[36m[1m[Codegen][0m [33m[Codegen - FBReactNativeSpec] Skipping iOS code generation for FBReactNativeSpec as it has been generated already.[0m
[36m[1m[Codegen][0m [33m[Codegen - rncore] Skipping iOS code generation for rncore as it has been generated already.[0m
[36m[1m[Codegen][0m Generating Native Code for rngesturehandler_codegen - ios[0m
[36m[1m[Codegen][0m Generated artifacts: /Users/obedsayyad/teach-gate-macOS-app/macos/build/generated/ios[0m
[36m[1m[Codegen][0m [33m[Codegen - FBReactNativeSpec] Skipping iOS code generation for FBReactNativeSpec as it has been generated already.[0m
[36m[1m[Codegen][0m [33m[Codegen - rncore] Skipping iOS code generation for rncore as it has been generated already.[0m
[36m[1m[Codegen][0m Generating Native Code for rnreanimated - ios[0m
[36m[1m[Codegen][0m Generated artifacts: /Users/obedsayyad/teach-gate-macOS-app/macos/build/generated/ios[0m
[36m[1m[Codegen][0m Generating Native Code for safeareacontext - ios[0m
[36m[1m[Codegen][0m Generated artifacts: /Users/obedsayyad/teach-gate-macOS-app/macos/build/generated/ios[0m
[36m[1m[Codegen][0m Generating Native Code for rnscreens - ios[0m
[36m[1m[Codegen][0m Generated artifacts: /Users/obedsayyad/teach-gate-macOS-app/macos/build/generated/ios[0m
[36m[1m[Codegen][0m Generating Native Code for RNVectorIconsSpec - ios[0m
[36m[1m[Codegen][0m Generated artifacts: /Users/obedsayyad/teach-gate-macOS-app/macos/build/generated/ios[0m
[36m[1m[Codegen][0m Generating Native Code for RNCWebViewSpec - ios[0m
[36m[1m[Codegen][0m Generated artifacts: /Users/obedsayyad/teach-gate-macOS-app/macos/build/generated/ios[0m
[36m[1m[Codegen][0m Generating RCTThirdPartyComponentsProvider.h[0m
[36m[1m[Codegen][0m Generated artifact: /Users/obedsayyad/teach-gate-macOS-app/macos/build/generated/ios/RCTThirdPartyComponentsProvider.h[0m
[36m[1m[Codegen][0m Generating RCTThirdPartyComponentsProvider.mm[0m
[36m[1m[Codegen][0m Generated artifact: /Users/obedsayyad/teach-gate-macOS-app/macos/build/generated/ios/RCTThirdPartyComponentsProvider.mm[0m
[36m[1m[Codegen][0m Generating RCTAppDependencyProvider[0m
[36m[1m[Codegen][0m Generated artifact: /Users/obedsayyad/teach-gate-macOS-app/macos/build/generated/ios/RCTAppDependencyProvider.h[0m
[36m[1m[Codegen][0m Generated artifact: /Users/obedsayyad/teach-gate-macOS-app/macos/build/generated/ios/RCTAppDependencyProvider.mm[0m
[36m[1m[Codegen][0m Generated podspec: /Users/obedsayyad/teach-gate-macOS-app/macos/build/generated/ios/ReactAppDependencyProvider.podspec[0m
[36m[1m[Codegen][0m [33mDone.[0m
Updating local specs repositories
Analyzing dependencies
Fetching podspec for `DoubleConversion` from `../node_modules/react-native-macos/third-party-podspecs/DoubleConversion.podspec`
Fetching podspec for `RCT-Folly` from `../node_modules/react-native-macos/third-party-podspecs/RCT-Folly.podspec`
Fetching podspec for `SocketRocket` from `../node_modules/react-native-macos/third-party-podspecs/SocketRocket.podspec`
Fetching podspec for `boost` from `../node_modules/react-native-macos/third-party-podspecs/boost.podspec`
Fetching podspec for `fast_float` from `../node_modules/react-native-macos/third-party-podspecs/fast_float.podspec`
Fetching podspec for `fmt` from `../node_modules/react-native-macos/third-party-podspecs/fmt.podspec`
Fetching podspec for `glog` from `../node_modules/react-native-macos/third-party-podspecs/glog.podspec`
Downloading dependencies
Installing DoubleConversion (1.1.6)
Installing FBLazyVector (0.78.3)
Installing RCT-Folly (2024.11.18.00)
Installing RCTDeprecation (0.78.3)
Installing RCTRequired (0.78.3)
Installing RCTTypeSafety (0.78.3)
Installing RNCAsyncStorage (2.2.0)
Installing RNGestureHandler (2.27.2)
Installing RNReanimated (3.18.0)
Installing React (0.78.3)
Installing React-Core (0.78.3)
Installing React-CoreModules (0.78.3)
Installing React-Fabric (0.78.3)
Installing React-FabricComponents (0.78.3)
Installing React-FabricImage (0.78.3)
Installing React-ImageManager (0.78.3)
Installing React-Mapbuffer (0.78.3)
Installing React-NativeModulesApple (0.78.3)
Installing React-RCTActionSheet (0.78.3)
Installing React-RCTAnimation (0.78.3)
Installing React-RCTAppDelegate (0.78.3)
Installing React-RCTBlob (0.78.3)
Installing React-RCTFBReactNativeSpec (0.78.3)
Installing React-RCTFabric (0.78.3)
Installing React-RCTImage (0.78.3)
Installing React-RCTLinking (0.78.3)
Installing React-RCTNetwork (0.78.3)
Installing React-RCTSettings (0.78.3)
Installing React-RCTText (0.78.3)
Installing React-RCTVibration (0.78.3)
Installing React-RuntimeApple (0.78.3)
Installing React-RuntimeCore (0.78.3)
Installing React-callinvoker (0.78.3)
Installing React-cxxreact (0.78.3)
Installing React-debug (0.78.3)
Installing React-defaultsnativemodule (0.78.3)
Installing React-domnativemodule (0.78.3)
Installing React-featureflags (0.78.3)
Installing React-featureflagsnativemodule (0.78.3)
Installing React-graphics (0.78.3)
Installing React-idlecallbacksnativemodule (0.78.3)
Installing React-jsc (0.78.3)
Installing React-jserrorhandler (0.78.3)
Installing React-jsi (0.78.3)
Installing React-jsiexecutor (0.78.3)
Installing React-jsinspector (0.78.3)
Installing React-jsinspectortracing (0.78.3)
Installing React-jsitracing (0.78.3)
Installing React-logger (0.78.3)
Installing React-microtasksnativemodule (0.78.3)
Installing React-perflogger (0.78.3)
Installing React-performancetimeline (0.78.3)
Installing React-rendererconsistency (0.78.3)
Installing React-rendererdebug (0.78.3)
Installing React-rncore (0.78.3)
Installing React-runtimeexecutor (0.78.3)
Installing React-runtimescheduler (0.78.3)
Installing React-timing (0.78.3)
Installing React-utils (0.78.3)
Installing ReactAppDependencyProvider (0.78.3)
Installing ReactCodegen (0.78.3)
Installing ReactCommon (0.78.3)
Installing SocketRocket (0.7.1)
Installing Yoga (0.0.0)
Installing boost (1.84.0)
Installing fast_float (6.1.4)
Installing fmt (11.0.2)
Installing glog (0.3.5)
Installing react-native-safe-area-context (5.5.2)
Installing react-native-webview (13.15.0)
Generating Pods project

――― MARKDOWN TEMPLATE ―――――――――――――――――――――――――――――――――――――――――――――――――――――――――――

### Command

```
/opt/homebrew/Cellar/cocoapods/1.16.2_1/libexec/bin/pod install --repo-update
```

### Report

* What did you do?

* What did you expect to happen?

* What happened instead?


### Stack

```
   CocoaPods : 1.16.2
        Ruby : ruby 3.4.5 (2025-07-16 revision 20cda200d3) +PRISM [arm64-darwin24]
    RubyGems : 3.6.9
        Host : macOS 15.3.1 (24D70)
       Xcode : 16.4 (16F6)
         Git : git version 2.39.5 (Apple Git-154)
Ruby lib dir : /opt/homebrew/Cellar/ruby/3.4.5/lib
Repositories : trunk - CDN - https://cdn.cocoapods.org/
```

### Plugins

```
cocoapods-deintegrate : 1.0.5
cocoapods-plugins     : 1.0.0
cocoapods-search      : 1.0.1
cocoapods-trunk       : 1.6.0
cocoapods-try         : 1.2.0
```

### Podfile

```ruby
require_relative '../node_modules/react-native-macos/scripts/react_native_pods'
require_relative '../node_modules/@react-native-community/cli-platform-ios/native_modules'

prepare_react_native_project!

target 'Teach Gate-macOS' do
  platform :macos, '11.0'
  use_native_modules!

  # Flags change depending on the env values.
  flags = get_default_flags()

  use_react_native!(
    :path => '../node_modules/react-native-macos',
    :hermes_enabled => false,
    :fabric_enabled => ENV['RCT_NEW_ARCH_ENABLED'] == '1',
    # An absolute path to your application root.
    :app_path => "#{Pod::Config.instance.installation_root}/.."
  )

  # Structured logging is provided by OutlineAppleLib Swift Package
  # pod 'CocoaLumberjack/Swift' # Removed to avoid module conflicts
end

# TeachGateVPN target removed from CocoaPods since it uses Swift Package Manager dependencies only
# All dependencies (OutlineAppleLib, CocoaLumberjack, Sentry) come from Swift Package Manager


# Combined post_install hook for both targets
post_install do |installer|
  # React Native post install
  react_native_post_install(installer)

  
  # Network Extension specific configurations
  installer.pods_project.targets.each do |target|
    target.build_configurations.each do |config|
      # Ensure consistent deployment target
      config.build_settings['MACOSX_DEPLOYMENT_TARGET'] = '12.0'
      # Enable Network Extension capabilities for TeachGateVPN target
      if target.name == 'TeachGateVPN'
        config.build_settings['CODE_SIGN_ENTITLEMENTS'] = 'TeachGateVPN/TeachGateVPN.entitlements'
        # Optimize for Network Extensions
        config.build_settings['APPLICATION_EXTENSION_API_ONLY'] = 'YES'
      end
    end
  end
end
```

### Error

```
ArgumentError - [Xcodeproj] Unable to find compatibility version string for object version `70`.
/opt/homebrew/Cellar/cocoapods/1.16.2_1/libexec/gems/xcodeproj-1.27.0/lib/xcodeproj/project.rb:85:in 'Xcodeproj::Project#initialize'
/opt/homebrew/Cellar/cocoapods/1.16.2_1/libexec/gems/cocoapods-1.16.2/lib/cocoapods/project.rb:48:in 'Pod::Project#initialize'
/opt/homebrew/Cellar/cocoapods/1.16.2_1/libexec/gems/cocoapods-1.16.2/lib/cocoapods/installer/xcode/pods_project_generator/project_generator.rb:82:in 'Class#new'
/opt/homebrew/Cellar/cocoapods/1.16.2_1/libexec/gems/cocoapods-1.16.2/lib/cocoapods/installer/xcode/pods_project_generator/project_generator.rb:82:in 'Pod::Installer::Xcode::ProjectGenerator#create_project'
/opt/homebrew/Cellar/cocoapods/1.16.2_1/libexec/gems/cocoapods-1.16.2/lib/cocoapods/installer/xcode/pods_project_generator/project_generator.rb:73:in 'Pod::Installer::Xcode::ProjectGenerator#generate!'
/opt/homebrew/Cellar/cocoapods/1.16.2_1/libexec/gems/cocoapods-1.16.2/lib/cocoapods/installer/xcode/single_pods_project_generator.rb:16:in 'Pod::Installer::Xcode::SinglePodsProjectGenerator#generate!'
/opt/homebrew/Cellar/cocoapods/1.16.2_1/libexec/gems/cocoapods-1.16.2/lib/cocoapods/installer.rb:320:in 'block in Pod::Installer#create_and_save_projects'
/opt/homebrew/Cellar/cocoapods/1.16.2_1/libexec/gems/cocoapods-1.16.2/lib/cocoapods/user_interface.rb:64:in 'Pod::UserInterface.section'
/opt/homebrew/Cellar/cocoapods/1.16.2_1/libexec/gems/cocoapods-1.16.2/lib/cocoapods/installer.rb:315:in 'Pod::Installer#create_and_save_projects'
/opt/homebrew/Cellar/cocoapods/1.16.2_1/libexec/gems/cocoapods-1.16.2/lib/cocoapods/installer.rb:307:in 'Pod::Installer#generate_pods_project'
/opt/homebrew/Cellar/cocoapods/1.16.2_1/libexec/gems/cocoapods-1.16.2/lib/cocoapods/installer.rb:183:in 'Pod::Installer#integrate'
/opt/homebrew/Cellar/cocoapods/1.16.2_1/libexec/gems/cocoapods-1.16.2/lib/cocoapods/installer.rb:170:in 'Pod::Installer#install!'
/opt/homebrew/Cellar/cocoapods/1.16.2_1/libexec/gems/cocoapods-1.16.2/lib/cocoapods/command/install.rb:52:in 'Pod::Command::Install#run'
/opt/homebrew/Cellar/cocoapods/1.16.2_1/libexec/gems/claide-1.1.0/lib/claide/command.rb:334:in 'CLAide::Command.run'
/opt/homebrew/Cellar/cocoapods/1.16.2_1/libexec/gems/cocoapods-1.16.2/lib/cocoapods/command.rb:52:in 'Pod::Command.run'
/opt/homebrew/Cellar/cocoapods/1.16.2_1/libexec/gems/cocoapods-1.16.2/bin/pod:55:in '<top (required)>'
/opt/homebrew/Cellar/cocoapods/1.16.2_1/libexec/bin/pod:25:in 'Kernel#load'
/opt/homebrew/Cellar/cocoapods/1.16.2_1/libexec/bin/pod:25:in '<main>'
```

――― TEMPLATE END ――――――――――――――――――――――――――――――――――――――――――――――――――――――――――――――――

[!] Oh no, an error occurred.

Search for existing GitHub issues similar to yours:
https://github.com/CocoaPods/CocoaPods/search?q=%5BXcodeproj%5D+Unable+to+find+compatibility+version+string+for+object+version+%6070%60.&type=Issues

If none exists, create a ticket, with the template displayed above, on:
https://github.com/CocoaPods/CocoaPods/issues/new

Be sure to first read the contributing guide for details on how to properly submit a ticket:
https://github.com/CocoaPods/CocoaPods/blob/master/CONTRIBUTING.md

Don't forget to anonymize any private data!

Looking for related issues on cocoapods/cocoapods...
 - Unable to find compatibility version string for object version `70`
   https://github.com/CocoaPods/CocoaPods/issues/12840 [open] [6 comments]
   a week ago

 - CocoaPods don't install in my project
   https://github.com/CocoaPods/CocoaPods/issues/12764 [open] [4 comments]
   5 weeks ago

 - ArgumentError - [Xcodeproj] Unable to find compatibility version string for object version `70`.
   https://github.com/CocoaPods/CocoaPods/issues/12671 [closed] [44 comments]
   2 weeks ago

and 5 more at:
https://github.com/cocoapods/cocoapods/search?q=%5BXcodeproj%5D%20Unable%20to%20find%20compatibility%20version%20string%20for%20object%20version%20%6070%60.&type=Issues&utf8=✓
